2025-04-21T07:38:59: ✅ Conectado ao MongoDB com sucesso!
2025-04-21T07:38:59: ✅ Conectado ao MongoDB com sucesso!
2025-04-21T07:38:59: ✅ Índices criados/atualizados com sucesso!
2025-04-21T07:38:59: ✅ Índices criados/atualizados com sucesso!
2025-04-21T07:38:59: 2025-04-21T10:38:59.332Z [info]: Conexão com MongoDB estabelecida
2025-04-21T07:38:59: 2025-04-21T10:38:59.332Z [info]: Conexão com MongoDB estabelecida
2025-04-21T07:38:59: Conexão com MongoDB estabelecida
2025-04-21T07:38:59: Conexão com MongoDB estabelecida
2025-04-21T07:38:59: 
====================================
🚀 Servidor iniciado com sucesso!
📡 Porta: 3000
🌐 URL: http://localhost:3000
👨‍💼 Admin: http://localhost:3000/admin
====================================
            
2025-04-21T07:38:59: 
====================================
🚀 Servidor iniciado com sucesso!
📡 Porta: 3001
🌐 URL: http://localhost:3001
👨‍💼 Admin: http://localhost:3001/admin
====================================
            
2025-04-21T07:38:59: ✅ Conectado ao MongoDB com sucesso!
2025-04-21T07:38:59: ✅ Índices criados/atualizados com sucesso!
2025-04-21T07:38:59: 2025-04-21T10:38:59.422Z [info]: Conexão com MongoDB estabelecida
2025-04-21T07:38:59: Conexão com MongoDB estabelecida
2025-04-21T07:38:59: 
====================================
🚀 Servidor iniciado com sucesso!
📡 Porta: 3002
🌐 URL: http://localhost:3002
👨‍💼 Admin: http://localhost:3002/admin
====================================
            
2025-04-21T07:38:59: ✅ Conectado ao MongoDB com sucesso!
2025-04-21T07:38:59: ✅ Índices criados/atualizados com sucesso!
2025-04-21T07:38:59: 2025-04-21T10:38:59.829Z [info]: Conexão com MongoDB estabelecida
2025-04-21T07:38:59: Conexão com MongoDB estabelecida
2025-04-21T07:38:59: 
====================================
🚀 Servidor iniciado com sucesso!
📡 Porta: 3003
🌐 URL: http://localhost:3003
👨‍💼 Admin: http://localhost:3003/admin
====================================
            
2025-04-21T07:38:59: ✅ Conectado ao MongoDB com sucesso!
2025-04-21T07:38:59: ✅ Índices criados/atualizados com sucesso!
2025-04-21T07:38:59: 2025-04-21T10:38:59.912Z [info]: Conexão com MongoDB estabelecida
2025-04-21T07:38:59: Conexão com MongoDB estabelecida
2025-04-21T07:38:59: 
====================================
🚀 Servidor iniciado com sucesso!
📡 Porta: 3004
🌐 URL: http://localhost:3004
👨‍💼 Admin: http://localhost:3004/admin
====================================
            
2025-04-21T07:39:00: ✅ Conectado ao MongoDB com sucesso!
2025-04-21T07:39:00: ✅ Índices criados/atualizados com sucesso!
2025-04-21T07:39:00: 2025-04-21T10:39:00.314Z [info]: Conexão com MongoDB estabelecida
2025-04-21T07:39:00: Conexão com MongoDB estabelecida
2025-04-21T07:39:00: 
====================================
🚀 Servidor iniciado com sucesso!
📡 Porta: 3005
🌐 URL: http://localhost:3005
👨‍💼 Admin: http://localhost:3005/admin
====================================
            
2025-04-21T07:39:00: ✅ Conectado ao MongoDB com sucesso!
2025-04-21T07:39:00: ✅ Índices criados/atualizados com sucesso!
2025-04-21T07:39:00: 2025-04-21T10:39:00.512Z [info]: Conexão com MongoDB estabelecida
2025-04-21T07:39:00: Conexão com MongoDB estabelecida
2025-04-21T07:39:00: 
====================================
🚀 Servidor iniciado com sucesso!
📡 Porta: 3006
🌐 URL: http://localhost:3006
👨‍💼 Admin: http://localhost:3006/admin
====================================
            
2025-04-21T07:39:00: ✅ Conectado ao MongoDB com sucesso!
2025-04-21T07:39:00: ✅ Índices criados/atualizados com sucesso!
2025-04-21T07:39:00: 2025-04-21T10:39:00.631Z [info]: Conexão com MongoDB estabelecida
2025-04-21T07:39:00: Conexão com MongoDB estabelecida
2025-04-21T07:39:00: 
====================================
🚀 Servidor iniciado com sucesso!
📡 Porta: 3007
🌐 URL: http://localhost:3007
👨‍💼 Admin: http://localhost:3007/admin
====================================
            
2025-04-21T07:39:06: 2025-04-21T10:39:06.758Z - POST /verificar-aluno - 200 - 13ms
2025-04-21T07:39:06: 2025-04-21T10:39:06.769Z - GET /preferencias/1I01/TESTE - 200 - 5ms
2025-04-21T07:50:47: ✅ Conectado ao MongoDB com sucesso!
2025-04-21T07:50:47: ✅ Conectado ao MongoDB com sucesso!
2025-04-21T07:50:47: ✅ Conectado ao MongoDB com sucesso!
2025-04-21T07:50:47: ✅ Conectado ao MongoDB com sucesso!
2025-04-21T07:50:47: ✅ Conectado ao MongoDB com sucesso!
2025-04-21T07:50:47: ✅ Índices criados/atualizados com sucesso!
2025-04-21T07:50:47: 2025-04-21T10:50:47.634Z [info]: Conexão com MongoDB estabelecida
2025-04-21T07:50:47: Conexão com MongoDB estabelecida
2025-04-21T07:50:47: 
====================================
🚀 Servidor iniciado com sucesso!
📡 Porta: 3000
🌐 URL: http://localhost:3000
👨‍💼 Admin: http://localhost:3000/admin
====================================
            
2025-04-21T07:50:47: ✅ Índices criados/atualizados com sucesso!
2025-04-21T07:50:47: ✅ Índices criados/atualizados com sucesso!
2025-04-21T07:50:47: 2025-04-21T10:50:47.665Z [info]: Conexão com MongoDB estabelecida
2025-04-21T07:50:47: Conexão com MongoDB estabelecida
2025-04-21T07:50:47: ✅ Índices criados/atualizados com sucesso!
2025-04-21T07:50:47: ✅ Índices criados/atualizados com sucesso!
2025-04-21T07:50:47: 
====================================
🚀 Servidor iniciado com sucesso!
📡 Porta: 3000
🌐 URL: http://localhost:3000
👨‍💼 Admin: http://localhost:3000/admin
====================================
            
2025-04-21T07:50:47: 2025-04-21T10:50:47.674Z [info]: Conexão com MongoDB estabelecida
2025-04-21T07:50:47: Conexão com MongoDB estabelecida
2025-04-21T07:50:47: 
====================================
🚀 Servidor iniciado com sucesso!
📡 Porta: 3000
🌐 URL: http://localhost:3000
👨‍💼 Admin: http://localhost:3000/admin
====================================
            
2025-04-21T07:50:47: 2025-04-21T10:50:47.680Z [info]: Conexão com MongoDB estabelecida
2025-04-21T07:50:47: Conexão com MongoDB estabelecida
2025-04-21T07:50:47: 2025-04-21T10:50:47.684Z [info]: Conexão com MongoDB estabelecida
2025-04-21T07:50:47: 
====================================
🚀 Servidor iniciado com sucesso!
📡 Porta: 3000
🌐 URL: http://localhost:3000
👨‍💼 Admin: http://localhost:3000/admin
====================================
            
2025-04-21T07:50:47: Conexão com MongoDB estabelecida
2025-04-21T07:50:47: 
====================================
🚀 Servidor iniciado com sucesso!
📡 Porta: 3000
🌐 URL: http://localhost:3000
👨‍💼 Admin: http://localhost:3000/admin
====================================
            
2025-04-21T07:50:47: ✅ Conectado ao MongoDB com sucesso!
2025-04-21T07:50:47: ✅ Índices criados/atualizados com sucesso!
2025-04-21T07:50:47: 2025-04-21T10:50:47.727Z [info]: Conexão com MongoDB estabelecida
2025-04-21T07:50:47: Conexão com MongoDB estabelecida
2025-04-21T07:50:47: 
====================================
🚀 Servidor iniciado com sucesso!
📡 Porta: 3000
🌐 URL: http://localhost:3000
👨‍💼 Admin: http://localhost:3000/admin
====================================
            
2025-04-21T07:50:47: ✅ Conectado ao MongoDB com sucesso!
2025-04-21T07:50:47: ✅ Índices criados/atualizados com sucesso!
2025-04-21T07:50:47: 2025-04-21T10:50:47.915Z [info]: Conexão com MongoDB estabelecida
2025-04-21T07:50:47: Conexão com MongoDB estabelecida
2025-04-21T07:50:47: 
====================================
🚀 Servidor iniciado com sucesso!
📡 Porta: 3000
🌐 URL: http://localhost:3000
👨‍💼 Admin: http://localhost:3000/admin
====================================
            
2025-04-21T07:50:47: ✅ Conectado ao MongoDB com sucesso!
2025-04-21T07:50:47: ✅ Índices criados/atualizados com sucesso!
2025-04-21T07:50:47: 2025-04-21T10:50:47.965Z [info]: Conexão com MongoDB estabelecida
2025-04-21T07:50:47: Conexão com MongoDB estabelecida
2025-04-21T07:50:47: 
====================================
🚀 Servidor iniciado com sucesso!
📡 Porta: 3000
🌐 URL: http://localhost:3000
👨‍💼 Admin: http://localhost:3000/admin
====================================
            
2025-04-21T07:51:10: 2025-04-21T10:51:10.406Z - POST /verificar-aluno - 200 - 12ms
2025-04-21T07:51:10: 2025-04-21T10:51:10.416Z - GET /preferencias/1I01/TESTE - 200 - 5ms
2025-04-21T07:51:35: 2025-04-21T10:51:35.923Z - POST /verificar-aluno - 200 - 5ms
2025-04-21T08:03:34: 2025-04-21T11:03:34.058Z - POST /verificar-aluno - 200 - 64ms
2025-04-21T08:03:34: 2025-04-21T11:03:34.079Z - GET /preferencias/1I01/TESTE - 304 - 15ms
2025-04-21T08:03:38: 2025-04-21T11:03:38.804Z - POST /preferencias - 200 - 22ms
2025-04-21T08:05:26: 2025-04-21T11:05:26.560Z - GET /favicon.ico - 404 - 4ms
2025-04-21T08:05:26: 2025-04-21T11:05:26.665Z - GET /favicon.ico - 404 - 1ms
2025-04-21T08:05:29: 2025-04-21T11:05:29.964Z - GET /favicon.ico - 404 - 2ms
2025-04-21T08:05:30: 2025-04-21T11:05:30.305Z - GET /favicon.ico - 404 - 2ms
2025-04-21T08:05:33: 2025-04-21T11:05:33.226Z - GET /favicon.ico - 404 - 1ms
2025-04-21T08:06:32: 2025-04-21T11:06:32.321Z - GET /favicon.ico - 404 - 12ms
2025-04-21T08:06:38: 2025-04-21T11:06:38.787Z - POST /verificar-aluno - 200 - 10ms
2025-04-21T08:06:38: 2025-04-21T11:06:38.972Z - GET /preferencias/1I03/SOPHIA%20VITORIA%20DE%20SOUZA%20BARBOSA - 200 - 8ms
2025-04-21T08:06:58: 2025-04-21T11:06:58.468Z - GET /favicon.ico - 404 - 1ms
2025-04-21T08:06:59: 2025-04-21T11:06:59.288Z - POST /verificar-aluno - 200 - 5ms
2025-04-21T08:06:59: 2025-04-21T11:06:59.621Z - GET /preferencias/1I03/DANYLLO%20FERRARI%20DE%20OLIVEIRA - 200 - 7ms
2025-04-21T08:07:17: 2025-04-21T11:07:17.891Z - POST /verificar-aluno - 200 - 13ms
2025-04-21T08:07:18: 2025-04-21T11:07:18.213Z - GET /preferencias/1I03/GEOVANA%20PAIVA%20DOS%20SANTOS - 200 - 13ms
2025-04-21T08:07:30: 2025-04-21T11:07:30.706Z - POST /verificar-aluno - 200 - 3ms
2025-04-21T08:07:30: 2025-04-21T11:07:30.728Z - GET /preferencias/1I02/WIVIAN%20MAYRA%20DE%20JESUS%20ROGERIO%20MENDES - 200 - 5ms
2025-04-21T08:07:33: 2025-04-21T11:07:33.084Z - POST /verificar-aluno - 200 - 3ms
2025-04-21T08:07:33: 2025-04-21T11:07:33.109Z - GET /preferencias/1I03/ANDRESSA%20ROCHA%20FAUSTINO - 200 - 11ms
2025-04-21T08:07:40: 2025-04-21T11:07:40.043Z - GET /favicon.ico - 404 - 1ms
2025-04-21T08:07:41: 2025-04-21T11:07:41.125Z - POST /verificar-aluno - 200 - 3ms
2025-04-21T08:07:41: 2025-04-21T11:07:41.184Z - GET /preferencias/1I02/PRISCILLA%20DE%20PAULA%20LELES - 200 - 7ms
2025-04-21T08:09:03: 2025-04-21T11:09:03.710Z - GET /favicon.ico - 404 - 1ms
2025-04-21T08:10:48: 2025-04-21T11:10:48.057Z - GET /favicon.ico - 404 - 1ms
2025-04-21T08:10:49: 2025-04-21T11:10:49.022Z - POST /verificar-aluno - 200 - 7ms
2025-04-21T08:10:49: 2025-04-21T11:10:49.036Z - GET /preferencias/2I04/PHAMELA%20CRYSTINA%20DE%20JESUS%20OLIVEIRA - 200 - 6ms
2025-04-21T08:10:49: 2025-04-21T11:10:49.471Z - POST /verificar-aluno - 200 - 6ms
2025-04-21T08:10:49: 2025-04-21T11:10:49.485Z - GET /preferencias/1I03/KELEN%20CRISTINA%20SOUZA%20MENDONCA - 200 - 5ms
2025-04-21T08:10:49: 2025-04-21T11:10:49.512Z - POST /verificar-aluno - 200 - 3ms
2025-04-21T08:10:49: 2025-04-21T11:10:49.529Z - GET /preferencias/1I02/NICOLY%20FERREIRA%20DA%20SILVA - 200 - 4ms
2025-04-21T08:10:49: 2025-04-21T11:10:49.622Z - POST /verificar-aluno - 200 - 6ms
2025-04-21T08:10:49: 2025-04-21T11:10:49.638Z - GET /preferencias/1I03/ANIE%20BHEATRIZ%20DA%20SILVA%20REIS%20DE%20SOUZA - 200 - 6ms
2025-04-21T08:10:50: 2025-04-21T11:10:50.381Z - POST /verificar-aluno - 200 - 3ms
2025-04-21T08:10:50: 2025-04-21T11:10:50.397Z - GET /preferencias/1I03/EVELY%20VITORIA%20GONCALVES%20ROCHA - 200 - 4ms
2025-04-21T08:10:51: 2025-04-21T11:10:51.416Z - POST /verificar-aluno - 200 - 5ms
2025-04-21T08:10:51: 2025-04-21T11:10:51.431Z - GET /preferencias/1I03/PYETRHO%20VINICIUS%20NASCIMENTO%20PEREIRA - 200 - 4ms
2025-04-21T08:10:51: 2025-04-21T11:10:51.580Z - POST /verificar-aluno - 200 - 5ms
2025-04-21T08:10:51: 2025-04-21T11:10:51.590Z - GET /preferencias/1I04/DAVI%20LOPES%20LAURETTE - 200 - 5ms
2025-04-21T08:10:52: 2025-04-21T11:10:52.250Z - POST /verificar-aluno - 200 - 6ms
2025-04-21T08:10:52: 2025-04-21T11:10:52.263Z - GET /preferencias/2I01/ANA%20JULIA%20SALINO%20MATOS - 200 - 3ms
2025-04-21T08:10:52: 2025-04-21T11:10:52.336Z - POST /verificar-aluno - 200 - 5ms
2025-04-21T08:10:52: 2025-04-21T11:10:52.349Z - GET /preferencias/1I02/THYAGO%20PAIVA%20NASCIMENTO - 200 - 2ms
2025-04-21T08:10:53: 2025-04-21T11:10:53.055Z - POST /verificar-aluno - 200 - 4ms
2025-04-21T08:10:53: 2025-04-21T11:10:53.069Z - GET /preferencias/1I04/GABRIELLY%20DE%20SOUZA%20MARTINS - 200 - 6ms
2025-04-21T08:10:53: 2025-04-21T11:10:53.229Z - POST /verificar-aluno - 200 - 3ms
2025-04-21T08:10:53: 2025-04-21T11:10:53.251Z - GET /preferencias/1I05/ARIEL%20DE%20SOUZA%20BARBOSA - 200 - 4ms
2025-04-21T08:10:53: 2025-04-21T11:10:53.667Z - POST /verificar-aluno - 200 - 3ms
2025-04-21T08:10:53: 2025-04-21T11:10:53.681Z - GET /preferencias/1I03/JOAO%20MIGUEL%20ROCON%20ROSSI - 200 - 2ms
2025-04-21T08:10:54: 2025-04-21T11:10:54.209Z - POST /verificar-aluno - 200 - 4ms
2025-04-21T08:10:54: 2025-04-21T11:10:54.226Z - GET /preferencias/1I03/FILIPE%20MARTINS%20DO%20NASCIMENTO - 200 - 5ms
2025-04-21T08:10:54: 2025-04-21T11:10:54.328Z - POST /verificar-aluno - 200 - 4ms
2025-04-21T08:10:54: 2025-04-21T11:10:54.342Z - GET /preferencias/1I02/AYSLAN%20FERREIRA%20DOS%20PASSOS - 200 - 5ms
2025-04-21T08:10:55: 2025-04-21T11:10:55.120Z - POST /verificar-aluno - 200 - 8ms
2025-04-21T08:10:55: 2025-04-21T11:10:55.142Z - POST /verificar-aluno - 200 - 27ms
2025-04-21T08:10:55: 2025-04-21T11:10:55.144Z - GET /preferencias/1I01/DAVI%20COSSI%20MINEIRO - 200 - 6ms
2025-04-21T08:10:55: 2025-04-21T11:10:55.161Z - GET /preferencias/1I04/GUSTAVO%20SIQUEIRA%20CARVALHO - 200 - 5ms
2025-04-21T08:10:55: 2025-04-21T11:10:55.597Z - POST /verificar-aluno - 200 - 2ms
2025-04-21T08:10:55: 2025-04-21T11:10:55.610Z - GET /preferencias/1I05/DEYVISON%20LUCAS%20MARTINS - 200 - 4ms
2025-04-21T08:10:56: 2025-04-21T11:10:56.572Z - POST /verificar-aluno - 200 - 5ms
2025-04-21T08:10:56: 2025-04-21T11:10:56.581Z - GET /preferencias/1I03/TALISON%20ANUNCIACAO%20DOS%20SANTOS - 200 - 3ms
2025-04-21T08:10:56: 2025-04-21T11:10:56.590Z - POST /verificar-aluno - 200 - 7ms
2025-04-21T08:10:56: 2025-04-21T11:10:56.608Z - GET /preferencias/1I04/GUILHERME%20SOUZA%20MOURA - 200 - 4ms
2025-04-21T08:10:57: 2025-04-21T11:10:57.316Z - POST /verificar-aluno - 200 - 3ms
2025-04-21T08:10:57: 2025-04-21T11:10:57.331Z - GET /preferencias/1I06/LUAN%20CARLOS%20DOS%20SANTOS%20DE%20AGUIAR - 200 - 3ms
2025-04-21T08:10:57: 2025-04-21T11:10:57.550Z - POST /verificar-aluno - 200 - 3ms
2025-04-21T08:10:57: 2025-04-21T11:10:57.562Z - GET /preferencias/1I04/REBECA%20DOS%20SANTOS%20DAS%20NEVES - 200 - 3ms
2025-04-21T08:10:57: 2025-04-21T11:10:57.910Z - POST /verificar-aluno - 200 - 4ms
2025-04-21T08:10:57: 2025-04-21T11:10:57.956Z - GET /preferencias/1I04/RAYSSA%20KAILANE%20BRAGA%20ROSA - 200 - 5ms
2025-04-21T08:10:58: 2025-04-21T11:10:58.613Z - POST /verificar-aluno - 200 - 4ms
2025-04-21T08:10:58: 2025-04-21T11:10:58.626Z - GET /preferencias/1I05/ANA%20CAROLINA%20DE%20OLIVEIRA%20LADISLAU - 200 - 5ms
2025-04-21T08:10:58: 2025-04-21T11:10:58.708Z - POST /verificar-aluno - 200 - 4ms
2025-04-21T08:10:58: 2025-04-21T11:10:58.716Z - GET /preferencias/1I02/WIVIAN%20MAYRA%20DE%20JESUS%20ROGERIO%20MENDES - 200 - 4ms
2025-04-21T08:10:59: 2025-04-21T11:10:59.326Z - POST /verificar-aluno - 200 - 4ms
2025-04-21T08:10:59: 2025-04-21T11:10:59.339Z - GET /preferencias/1I05/KAYLAN%20LADARIO%20DOS%20SANTOS - 200 - 6ms
2025-04-21T08:10:59: 2025-04-21T11:10:59.514Z - POST /verificar-aluno - 200 - 4ms
2025-04-21T08:10:59: 2025-04-21T11:10:59.526Z - GET /preferencias/1I01/MELISSA%20HELENNA%20SOARES%20NASCIMENTO - 200 - 3ms
2025-04-21T08:11:00: 2025-04-21T11:11:00.048Z - POST /verificar-aluno - 200 - 3ms
2025-04-21T08:11:00: 2025-04-21T11:11:00.063Z - GET /preferencias/1I03/ESTEFFANY%20DA%20COSTA%20DE%20ARRUDA - 200 - 4ms
2025-04-21T08:11:00: 2025-04-21T11:11:00.463Z - POST /verificar-aluno - 200 - 4ms
2025-04-21T08:11:00: 2025-04-21T11:11:00.478Z - GET /preferencias/1I01/THAIS%20ALMEIDA%20GOMES - 200 - 6ms
2025-04-21T08:11:00: 2025-04-21T11:11:00.771Z - POST /verificar-aluno - 200 - 5ms
2025-04-21T08:11:00: 2025-04-21T11:11:00.780Z - GET /preferencias/1I03/PATRICIA%20ROCHA%20PEREIRA%20CARDOSO - 200 - 3ms
2025-04-21T08:11:01: 2025-04-21T11:11:01.314Z - POST /verificar-aluno - 200 - 3ms
2025-04-21T08:11:01: 2025-04-21T11:11:01.330Z - GET /preferencias/1I06/JOAO%20GABRIEL%20KULL%20DA%20SILVA - 200 - 4ms
2025-04-21T08:11:01: 2025-04-21T11:11:01.476Z - POST /verificar-aluno - 200 - 6ms
2025-04-21T08:11:01: 2025-04-21T11:11:01.489Z - GET /preferencias/1I03/KEROLINE%20ALVES%20SANTANA - 200 - 3ms
2025-04-21T08:11:02: 2025-04-21T11:11:02.048Z - POST /verificar-aluno - 200 - 3ms
2025-04-21T08:11:02: 2025-04-21T11:11:02.064Z - GET /preferencias/1I06/JENMILLY%20FERNANDES%20RIBEIRO - 200 - 4ms
2025-04-21T08:11:02: 2025-04-21T11:11:02.437Z - POST /verificar-aluno - 200 - 4ms
2025-04-21T08:11:02: 2025-04-21T11:11:02.451Z - GET /preferencias/1I04/MARCOS%20DANIEL%20PEREIRA%20RAMOS - 200 - 3ms
2025-04-21T08:11:02: 2025-04-21T11:11:02.790Z - POST /verificar-aluno - 200 - 3ms
2025-04-21T08:11:02: 2025-04-21T11:11:02.799Z - GET /preferencias/1I06/DOUGLAS%20FERREIRA%20CARLOS%20DA%20SILVA - 200 - 2ms
2025-04-21T08:12:10: 2025-04-21T11:12:10.517Z - GET /favicon.ico - 404 - 2ms
2025-04-21T08:12:11: 2025-04-21T11:12:11.308Z - POST /verificar-aluno - 200 - 3ms
2025-04-21T08:12:11: 2025-04-21T11:12:11.339Z - GET /preferencias/2I06/LAIANNY%20DE%20OLIVEIRA%20DE%20JESUS - 200 - 4ms
2025-04-21T08:12:11: 2025-04-21T11:12:11.616Z - POST /verificar-aluno - 200 - 5ms
2025-04-21T08:12:11: 2025-04-21T11:12:11.629Z - GET /preferencias/2I04/GUILHERMY%20CORDEIRO%20DE%20ANDRADE - 200 - 3ms
2025-04-21T08:12:11: 2025-04-21T11:12:11.717Z - POST /verificar-aluno - 200 - 5ms
2025-04-21T08:12:11: 2025-04-21T11:12:11.727Z - GET /preferencias/2I02/ROBERTA%20VITORIA%20DE%20OLIVEIRA%20GONCALVES - 200 - 3ms
2025-04-21T08:12:11: 2025-04-21T11:12:11.798Z - POST /verificar-aluno - 200 - 4ms
2025-04-21T08:12:11: 2025-04-21T11:12:11.808Z - GET /preferencias/2I02/MARCOS%20FILIPE%20ALVES%20DOS%20SANTOS - 200 - 3ms
2025-04-21T08:12:12: 2025-04-21T11:12:12.042Z - POST /verificar-aluno - 200 - 1ms
2025-04-21T08:12:12: 2025-04-21T11:12:12.057Z - GET /preferencias/2I02/MATEUS%20OLIVEIRA%20DE%20QUEIROZ - 200 - 3ms
2025-04-21T08:12:15: 2025-04-21T11:12:15.106Z - POST /verificar-aluno - 200 - 4ms
2025-04-21T08:12:15: 2025-04-21T11:12:15.118Z - GET /preferencias/2I01/OTAVIO%20FIRMINO%20DE%20OLIVEIRA%20DA%20SILVA - 200 - 5ms
2025-04-21T08:12:15: 2025-04-21T11:12:15.293Z - POST /verificar-aluno - 200 - 2ms
2025-04-21T08:12:15: 2025-04-21T11:12:15.305Z - GET /preferencias/2I01/LARISSA%20DA%20SILVA - 200 - 3ms
2025-04-21T08:12:15: 2025-04-21T11:12:15.592Z - POST /verificar-aluno - 200 - 4ms
2025-04-21T08:12:15: 2025-04-21T11:12:15.601Z - GET /preferencias/2I02/THIAGO%20CLAUDINO%20DIAS - 200 - 4ms
2025-04-21T08:12:15: 2025-04-21T11:12:15.722Z - POST /verificar-aluno - 200 - 3ms
2025-04-21T08:12:15: 2025-04-21T11:12:15.730Z - GET /preferencias/2I02/DEBORA%20LOYOLA%20DOS%20SANTOS - 200 - 3ms
2025-04-21T08:12:16: 2025-04-21T11:12:16.062Z - POST /verificar-aluno - 200 - 3ms
2025-04-21T08:12:16: 2025-04-21T11:12:16.074Z - GET /preferencias/2I02/KAUA%20NASCIMENTO%20SANTOS - 200 - 4ms
2025-04-21T08:12:18: 2025-04-21T11:12:18.012Z - POST /preferencias - 200 - 16ms
2025-04-21T08:12:18: 2025-04-21T11:12:18.613Z - POST /verificar-aluno - 200 - 3ms
2025-04-21T08:12:18: 2025-04-21T11:12:18.628Z - GET /preferencias/2I04/GISELY%20LADARIO%20CERQUEIRA - 200 - 4ms
2025-04-21T08:12:18: 2025-04-21T11:12:18.977Z - POST /verificar-aluno - 200 - 2ms
2025-04-21T08:12:18: 2025-04-21T11:12:18.987Z - GET /preferencias/2I03/BRUNO%20DE%20SOUZA%20GOMES - 200 - 2ms
2025-04-21T08:12:19: 2025-04-21T11:12:19.500Z - POST /verificar-aluno - 200 - 5ms
2025-04-21T08:12:19: 2025-04-21T11:12:19.516Z - GET /preferencias/2I03/KAUA%20ENDLICH%20MUNIZ%20ROCHA - 200 - 5ms
2025-04-21T08:12:19: 2025-04-21T11:12:19.571Z - POST /verificar-aluno - 200 - 4ms
2025-04-21T08:12:19: 2025-04-21T11:12:19.612Z - GET /preferencias/2I02/REBECA%20BRITO%20PEREIRA - 200 - 3ms
2025-04-21T08:12:20: 2025-04-21T11:12:20.326Z - POST /verificar-aluno - 200 - 2ms
2025-04-21T08:12:20: 2025-04-21T11:12:20.339Z - GET /preferencias/2I03/LUARA%20CAETANO%20DE%20MORAES - 200 - 3ms
2025-04-21T08:12:20: 2025-04-21T11:12:20.561Z - POST /preferencias - 200 - 3ms
2025-04-21T08:12:22: 2025-04-21T11:12:22.778Z - POST /verificar-aluno - 200 - 4ms
2025-04-21T08:12:22: 2025-04-21T11:12:22.794Z - GET /preferencias/2I05/NATALIA%20SILVA%20BELIZARIO - 200 - 3ms
2025-04-21T08:12:23: 2025-04-21T11:12:23.059Z - POST /verificar-aluno - 200 - 2ms
2025-04-21T08:12:23: 2025-04-21T11:12:23.073Z - GET /preferencias/2I06/ALYSSON%20HELMUT%20PEREIRA%20DOS%20SANTOS - 200 - 3ms
2025-04-21T08:12:23: 2025-04-21T11:12:23.259Z - POST /verificar-aluno - 200 - 2ms
2025-04-21T08:12:23: 2025-04-21T11:12:23.272Z - GET /preferencias/2I05/ESTEVAO%20RIBEIRO%20PIMENTEL - 200 - 3ms
2025-04-21T08:12:23: 2025-04-21T11:12:23.493Z - POST /verificar-aluno - 200 - 2ms
2025-04-21T08:12:23: 2025-04-21T11:12:23.506Z - GET /preferencias/2I05/WERIK%20COSTA%20DOS%20SANTOS - 200 - 3ms
2025-04-21T08:12:23: 2025-04-21T11:12:23.757Z - POST /verificar-aluno - 200 - 5ms
2025-04-21T08:12:23: 2025-04-21T11:12:23.762Z - GET /preferencias/2I06/FABIO%20HENRIQUE%20SILVA%20ERNESTO%20ARRUDA - 200 - 2ms
2025-04-21T08:12:25: 2025-04-21T11:12:25.358Z - POST /preferencias - 200 - 3ms
2025-04-21T08:12:26: 2025-04-21T11:12:26.621Z - POST /verificar-aluno - 200 - 4ms
2025-04-21T08:12:26: 2025-04-21T11:12:26.642Z - GET /preferencias/1I03/ANA%20CAROLYNA%20BATISTA%20ELER - 200 - 4ms
2025-04-21T08:12:26: 2025-04-21T11:12:26.995Z - POST /verificar-aluno - 200 - 2ms
2025-04-21T08:12:27: 2025-04-21T11:12:27.011Z - GET /preferencias/1I05/LEONARDO%20SOARES%20PEREIRA - 200 - 4ms
2025-04-21T08:12:27: 2025-04-21T11:12:27.209Z - POST /verificar-aluno - 200 - 2ms
2025-04-21T08:12:27: 2025-04-21T11:12:27.223Z - GET /preferencias/2I06/JHANNY%20LETICIA%20DO%20NASCIMENTO%20SANTOS - 200 - 3ms
2025-04-21T08:12:27: 2025-04-21T11:12:27.493Z - POST /verificar-aluno - 200 - 2ms
2025-04-21T08:12:27: 2025-04-21T11:12:27.506Z - GET /preferencias/1I02/IARLLEY%20DE%20AMORIM%20GOMES - 200 - 3ms
2025-04-21T08:12:27: 2025-04-21T11:12:27.825Z - POST /verificar-aluno - 200 - 2ms
2025-04-21T08:12:27: 2025-04-21T11:12:27.840Z - GET /preferencias/1I05/JOAO%20DAVID%20DA%20SILVA%20CAMILO - 200 - 4ms
2025-04-21T08:12:28: 2025-04-21T11:12:28.545Z - POST /preferencias - 200 - 3ms
2025-04-21T08:12:29: 2025-04-21T11:12:29.007Z - POST /preferencias - 200 - 3ms
2025-04-21T08:12:31: 2025-04-21T11:12:31.150Z - POST /verificar-aluno - 200 - 6ms
2025-04-21T08:12:31: 2025-04-21T11:12:31.187Z - POST /verificar-aluno - 200 - 4ms
2025-04-21T08:12:31: 2025-04-21T11:12:31.215Z - GET /preferencias/2I05/STEFANY%20SILVA%20SANTOS - 200 - 5ms
2025-04-21T08:12:31: 2025-04-21T11:12:31.233Z - GET /preferencias/2I03/PIETRO%20PEREIRA%20LIMA - 200 - 3ms
2025-04-21T08:12:31: 2025-04-21T11:12:31.893Z - POST /verificar-aluno - 200 - 5ms
2025-04-21T08:12:31: 2025-04-21T11:12:31.915Z - GET /preferencias/2I05/JOAO%20VICTOR%20LITH%20CORREA - 200 - 9ms
2025-04-21T08:12:32: 2025-04-21T11:12:32.025Z - POST /verificar-aluno - 200 - 6ms
2025-04-21T08:12:32: 2025-04-21T11:12:32.048Z - GET /preferencias/2I04/RAMON%20DO%20ROSARIO%20CAMPOS - 200 - 7ms
2025-04-21T08:12:32: 2025-04-21T11:12:32.344Z - POST /verificar-aluno - 200 - 4ms
2025-04-21T08:12:32: 2025-04-21T11:12:32.369Z - GET /preferencias/1I01/GUILHERME%20RICARDO%20GOMES - 200 - 6ms
2025-04-21T08:12:34: 2025-04-21T11:12:34.534Z - POST /preferencias - 200 - 22ms
2025-04-21T08:12:35: 2025-04-21T11:12:35.334Z - POST /preferencias - 200 - 16ms
2025-04-21T08:12:37: 2025-04-21T11:12:37.233Z - POST /verificar-aluno - 200 - 5ms
2025-04-21T08:12:37: 2025-04-21T11:12:37.307Z - GET /preferencias/1I01/ANA%20JULIA%20BARROS%20DE%20CAMPOS - 200 - 5ms
2025-04-21T08:13:32: 2025-04-21T11:13:32.644Z - GET /favicon.ico - 404 - 1ms
2025-04-21T08:13:33: 2025-04-21T11:13:33.432Z - POST /verificar-aluno - 200 - 4ms
2025-04-21T08:13:33: 2025-04-21T11:13:33.469Z - GET /preferencias/2I02/ANA%20LUISA%20MARTINS%20LOURENCO - 200 - 4ms
2025-04-21T08:13:33: 2025-04-21T11:13:33.669Z - POST /verificar-aluno - 200 - 4ms
2025-04-21T08:13:33: 2025-04-21T11:13:33.679Z - GET /preferencias/1I03/JOAO%20MIGUEL%20ROCON%20ROSSI - 200 - 4ms
2025-04-21T08:13:33: 2025-04-21T11:13:33.807Z - POST /verificar-aluno - 200 - 3ms
2025-04-21T08:13:33: 2025-04-21T11:13:33.816Z - GET /preferencias/1I05/KAYLAN%20LADARIO%20DOS%20SANTOS - 200 - 3ms
2025-04-21T08:13:33: 2025-04-21T11:13:33.858Z - POST /verificar-aluno - 200 - 2ms
2025-04-21T08:13:33: 2025-04-21T11:13:33.872Z - GET /preferencias/1I01/KAREN%20DE%20ABREU%20DOS%20PASSOS - 200 - 4ms
2025-04-21T08:13:34: 2025-04-21T11:13:34.158Z - POST /verificar-aluno - 200 - 2ms
2025-04-21T08:13:34: 2025-04-21T11:13:34.170Z - GET /preferencias/1I01/GUILHERME%20RAMOS%20CASTILHO - 200 - 3ms
2025-04-21T08:13:35: 2025-04-21T11:13:35.404Z - POST /preferencias - 200 - 4ms
2025-04-21T08:13:35: 2025-04-21T11:13:35.590Z - POST /preferencias - 200 - 5ms
2025-04-21T08:13:35: 2025-04-21T11:13:35.781Z - POST /preferencias - 200 - 9ms
2025-04-21T08:13:35: 2025-04-21T11:13:35.991Z - POST /preferencias - 200 - 5ms
2025-04-21T08:13:37: 2025-04-21T11:13:37.888Z - POST /verificar-aluno - 200 - 2ms
2025-04-21T08:13:37: 2025-04-21T11:13:37.900Z - GET /preferencias/1I06/ANA%20LUIZA%20LEFFLER%20RANGEL - 200 - 2ms
2025-04-21T08:13:38: 2025-04-21T11:13:38.170Z - POST /verificar-aluno - 200 - 1ms
2025-04-21T08:13:38: 2025-04-21T11:13:38.184Z - GET /preferencias/1I05/DAVI%20PEREIRA%20DOS%20SANTOS%20DA%20SILVA - 200 - 3ms
2025-04-21T08:13:38: 2025-04-21T11:13:38.303Z - POST /verificar-aluno - 200 - 2ms
2025-04-21T08:13:38: 2025-04-21T11:13:38.319Z - GET /preferencias/1I04/NATALYA%20ROSA%20PAULO - 200 - 3ms
2025-04-21T08:13:38: 2025-04-21T11:13:38.492Z - POST /verificar-aluno - 200 - 3ms
2025-04-21T08:13:38: 2025-04-21T11:13:38.504Z - GET /preferencias/1I06/DOUGLAS%20FERREIRA%20CARLOS%20DA%20SILVA - 200 - 3ms
2025-04-21T08:13:38: 2025-04-21T11:13:38.635Z - POST /verificar-aluno - 200 - 4ms
2025-04-21T08:13:38: 2025-04-21T11:13:38.641Z - GET /preferencias/1I01/TESTE - 200 - 2ms
2025-04-21T08:13:39: 2025-04-21T11:13:39.678Z - POST /preferencias - 200 - 6ms
2025-04-21T08:13:39: 2025-04-21T11:13:39.960Z - POST /preferencias - 200 - 8ms
2025-04-21T08:13:40: 2025-04-21T11:13:40.086Z - POST /preferencias - 200 - 2ms
2025-04-21T08:13:40: 2025-04-21T11:13:40.300Z - POST /preferencias - 200 - 7ms
2025-04-21T08:13:40: 2025-04-21T11:13:40.373Z - POST /preferencias - 200 - 5ms
2025-04-21T08:13:42: 2025-04-21T11:13:42.268Z - POST /verificar-aluno - 200 - 3ms
2025-04-21T08:13:42: 2025-04-21T11:13:42.279Z - GET /preferencias/1I01/BRENDHA%20GUIMARAES%20RANGEL - 200 - 4ms
2025-04-21T08:13:42: 2025-04-21T11:13:42.471Z - POST /verificar-aluno - 200 - 2ms
2025-04-21T08:13:42: 2025-04-21T11:13:42.484Z - GET /preferencias/1I06/JOAO%20GABRIEL%20KULL%20DA%20SILVA - 200 - 2ms
2025-04-21T08:13:42: 2025-04-21T11:13:42.654Z - POST /verificar-aluno - 200 - 2ms
2025-04-21T08:13:42: 2025-04-21T11:13:42.669Z - GET /preferencias/1I04/KAMILLY%20DE%20OLIVEIRA%20BENFICA - 200 - 3ms
2025-04-21T08:13:42: 2025-04-21T11:13:42.926Z - POST /verificar-aluno - 200 - 2ms
2025-04-21T08:13:42: 2025-04-21T11:13:42.937Z - GET /preferencias/1I01/JULYANE%20FERREIRA%20RAMOS%20MARTINS - 200 - 2ms
2025-04-21T08:13:43: 2025-04-21T11:13:43.109Z - POST /verificar-aluno - 200 - 2ms
2025-04-21T08:13:43: 2025-04-21T11:13:43.121Z - GET /preferencias/1I01/ANA%20LARA%20VALERIO%20MEDEIROS - 200 - 4ms
2025-04-21T08:13:44: 2025-04-21T11:13:44.073Z - POST /preferencias - 200 - 3ms
2025-04-21T08:13:44: 2025-04-21T11:13:44.223Z - POST /preferencias - 200 - 4ms
2025-04-21T08:13:44: 2025-04-21T11:13:44.374Z - POST /preferencias - 200 - 3ms
2025-04-21T08:13:44: 2025-04-21T11:13:44.707Z - POST /preferencias - 200 - 5ms
2025-04-21T08:13:46: 2025-04-21T11:13:46.516Z - POST /verificar-aluno - 200 - 8ms
2025-04-21T08:13:46: 2025-04-21T11:13:46.522Z - GET /preferencias/1I01/FELIPE%20ANTUNES%20ALVES - 200 - 2ms
2025-04-21T08:13:46: 2025-04-21T11:13:46.654Z - POST /verificar-aluno - 200 - 2ms
2025-04-21T08:13:46: 2025-04-21T11:13:46.667Z - GET /preferencias/1I06/EMILY%20CRASQUE%20MEDEIROS - 200 - 2ms
2025-04-21T08:13:46: 2025-04-21T11:13:46.838Z - POST /verificar-aluno - 200 - 2ms
2025-04-21T08:13:46: 2025-04-21T11:13:46.850Z - GET /preferencias/1I02/YAN%20LUCAS%20PIMENTEL%20OLIVEIRA - 200 - 3ms
2025-04-21T08:13:47: 2025-04-21T11:13:47.172Z - POST /verificar-aluno - 200 - 3ms
2025-04-21T08:13:47: 2025-04-21T11:13:47.185Z - GET /preferencias/1I05/DEYVISON%20LUCAS%20MARTINS - 200 - 4ms
2025-04-21T08:13:47: 2025-04-21T11:13:47.471Z - POST /verificar-aluno - 200 - 1ms
2025-04-21T08:13:47: 2025-04-21T11:13:47.478Z - GET /preferencias/1I04/WALYANNE%20VITORIA%20VIEIRA%20RODRIGUES - 200 - 4ms
2025-04-21T08:13:48: 2025-04-21T11:13:48.298Z - POST /preferencias - 200 - 9ms
2025-04-21T08:13:48: 2025-04-21T11:13:48.394Z - POST /preferencias - 200 - 6ms
2025-04-21T08:13:48: 2025-04-21T11:13:48.599Z - POST /preferencias - 200 - 8ms
2025-04-21T08:13:48: 2025-04-21T11:13:48.924Z - POST /preferencias - 200 - 5ms
2025-04-21T08:13:49: 2025-04-21T11:13:49.192Z - POST /preferencias - 200 - 7ms
2025-04-21T08:13:50: 2025-04-21T11:13:50.787Z - POST /verificar-aluno - 200 - 3ms
2025-04-21T08:13:50: 2025-04-21T11:13:50.804Z - GET /preferencias/1I03/EVELY%20VITORIA%20GONCALVES%20ROCHA - 200 - 4ms
2025-04-21T08:13:50: 2025-04-21T11:13:50.954Z - POST /verificar-aluno - 200 - 2ms
2025-04-21T08:13:50: 2025-04-21T11:13:50.966Z - GET /preferencias/1I05/ALANA%20GABRIELY%20MARTINS%20REBULI%20DA%20SILVA - 200 - 2ms
2025-04-21T08:13:51: 2025-04-21T11:13:51.120Z - POST /verificar-aluno - 200 - 1ms
2025-04-21T08:13:51: 2025-04-21T11:13:51.132Z - GET /preferencias/1I04/VITORIA%20MAGNONI%20DA%20SILVA - 200 - 2ms
2025-04-21T08:13:51: 2025-04-21T11:13:51.470Z - POST /verificar-aluno - 200 - 2ms
2025-04-21T08:13:51: 2025-04-21T11:13:51.508Z - GET /preferencias/1I01/CARLOS%20EDUARDO%20DE%20JESUS%20VENANCIO - 200 - 27ms
2025-04-21T08:13:51: 2025-04-21T11:13:51.690Z - POST /verificar-aluno - 200 - 3ms
2025-04-21T08:13:51: 2025-04-21T11:13:51.702Z - GET /preferencias/1I04/GUILHERME%20SOUZA%20MOURA - 200 - 1ms
2025-04-21T08:13:52: 2025-04-21T11:13:52.758Z - POST /preferencias - 200 - 4ms
2025-04-21T08:13:52: 2025-04-21T11:13:52.915Z - POST /preferencias - 200 - 8ms
2025-04-21T08:13:53: 2025-04-21T11:13:53.292Z - POST /preferencias - 200 - 8ms
2025-04-21T08:13:55: 2025-04-21T11:13:55.172Z - POST /verificar-aluno - 200 - 5ms
2025-04-21T08:13:55: 2025-04-21T11:13:55.186Z - GET /preferencias/1I03/ANA%20JULIA%20GOMES%20CASAGRANDE - 200 - 5ms
2025-04-21T08:13:55: 2025-04-21T11:13:55.371Z - POST /verificar-aluno - 200 - 3ms
2025-04-21T08:13:55: 2025-04-21T11:13:55.383Z - GET /preferencias/1I06/JENMILLY%20FERNANDES%20RIBEIRO - 200 - 3ms
2025-04-21T08:13:55: 2025-04-21T11:13:55.569Z - POST /verificar-aluno - 200 - 2ms
2025-04-21T08:13:55: 2025-04-21T11:13:55.582Z - GET /preferencias/1I04/PETERSON%20CEZAR%20DE%20PAULA - 200 - 2ms
2025-04-21T08:13:55: 2025-04-21T11:13:55.915Z - POST /verificar-aluno - 200 - 3ms
2025-04-21T08:13:55: 2025-04-21T11:13:55.924Z - GET /preferencias/1I06/ANDREY%20LUCAS%20MOURA%20DA%20SILVA - 200 - 3ms
2025-04-21T08:13:56: 2025-04-21T11:13:56.106Z - POST /verificar-aluno - 200 - 2ms
2025-04-21T08:13:56: 2025-04-21T11:13:56.120Z - GET /preferencias/1I01/MARIA%20LUIZA%20ALVES%20COUTO - 200 - 2ms
2025-04-21T08:13:57: 2025-04-21T11:13:57.053Z - POST /preferencias - 200 - 7ms
2025-04-21T08:13:57: 2025-04-21T11:13:57.176Z - POST /preferencias - 200 - 6ms
2025-04-21T08:13:57: 2025-04-21T11:13:57.382Z - POST /preferencias - 200 - 9ms
2025-04-21T08:13:57: 2025-04-21T11:13:57.751Z - POST /preferencias - 200 - 2ms
2025-04-21T08:13:57: 2025-04-21T11:13:57.970Z - POST /preferencias - 200 - 4ms
2025-04-21T08:13:59: 2025-04-21T11:13:59.525Z - POST /verificar-aluno - 200 - 3ms
2025-04-21T08:13:59: 2025-04-21T11:13:59.535Z - GET /preferencias/1I06/ELOA%20CORREA%20BERNARDINO - 200 - 2ms
2025-04-21T08:13:59: 2025-04-21T11:13:59.703Z - POST /verificar-aluno - 200 - 2ms
2025-04-21T08:13:59: 2025-04-21T11:13:59.716Z - GET /preferencias/1I04/KELVE%20BRAYAN%20SILVA%20DOS%20SANTOS - 200 - 2ms
2025-04-21T08:13:59: 2025-04-21T11:13:59.902Z - POST /verificar-aluno - 200 - 3ms
2025-04-21T08:13:59: 2025-04-21T11:13:59.915Z - GET /preferencias/1I02/LORENA%20DO%20NASCIMENTO%20DOS%20SANTOS - 200 - 2ms
2025-04-21T08:14:00: 2025-04-21T11:14:00.272Z - POST /verificar-aluno - 200 - 2ms
2025-04-21T08:14:00: 2025-04-21T11:14:00.282Z - GET /preferencias/1I04/ESTHER%20KRETZSCHMAR%20LAURINDO - 200 - 3ms
2025-04-21T08:14:00: 2025-04-21T11:14:00.486Z - POST /verificar-aluno - 200 - 2ms
2025-04-21T08:14:00: 2025-04-21T11:14:00.502Z - GET /preferencias/1I06/FLAVIANA%20GOMES%20INACIO - 200 - 4ms
2025-04-21T08:14:01: 2025-04-21T11:14:01.312Z - POST /preferencias - 200 - 7ms
2025-04-21T08:14:01: 2025-04-21T11:14:01.536Z - POST /preferencias - 200 - 10ms
2025-04-21T08:14:01: 2025-04-21T11:14:01.684Z - POST /preferencias - 200 - 10ms
2025-04-21T08:14:02: 2025-04-21T11:14:02.310Z - POST /preferencias - 200 - 9ms
2025-04-21T08:14:03: 2025-04-21T11:14:03.840Z - POST /verificar-aluno - 200 - 2ms
2025-04-21T08:14:03: 2025-04-21T11:14:03.870Z - GET /preferencias/1I06/GUILHERME%20ISRAEL%20DE%20JESUS%20SILVA - 200 - 3ms
2025-04-21T08:14:04: 2025-04-21T11:14:04.054Z - POST /verificar-aluno - 200 - 2ms
2025-04-21T08:14:04: 2025-04-21T11:14:04.067Z - GET /preferencias/1I01/MELISSA%20HELENNA%20SOARES%20NASCIMENTO - 200 - 3ms
2025-04-21T08:14:04: 2025-04-21T11:14:04.239Z - POST /verificar-aluno - 200 - 3ms
2025-04-21T08:14:04: 2025-04-21T11:14:04.250Z - GET /preferencias/1I04/JULIA%20PEIXOTO%20DE%20SOUZA - 200 - 3ms
2025-04-21T08:14:04: 2025-04-21T11:14:04.654Z - POST /verificar-aluno - 200 - 3ms
2025-04-21T08:14:04: 2025-04-21T11:14:04.664Z - GET /preferencias/2I03/LUIS%20HENRIQUE%20MOURA%20DE%20OLIVEIRA - 200 - 4ms
2025-04-21T08:14:04: 2025-04-21T11:14:04.814Z - POST /verificar-aluno - 200 - 4ms
2025-04-21T08:14:04: 2025-04-21T11:14:04.827Z - GET /preferencias/2I02/EDUARDA%20HOFFMAN%20MAGNAGO - 200 - 5ms
2025-04-21T08:14:05: 2025-04-21T11:14:05.716Z - POST /preferencias - 200 - 7ms
2025-04-21T08:14:05: 2025-04-21T11:14:05.943Z - POST /preferencias - 200 - 6ms
2025-04-21T08:14:06: 2025-04-21T11:14:06.096Z - POST /preferencias - 200 - 9ms
2025-04-21T08:14:06: 2025-04-21T11:14:06.685Z - POST /preferencias - 200 - 3ms
2025-04-21T08:14:08: 2025-04-21T11:14:08.672Z - POST /verificar-aluno - 200 - 5ms
2025-04-21T08:14:08: 2025-04-21T11:14:08.701Z - GET /preferencias/1I03/ANIE%20BHEATRIZ%20DA%20SILVA%20REIS%20DE%20SOUZA - 200 - 4ms
2025-04-21T08:14:08: 2025-04-21T11:14:08.799Z - POST /verificar-aluno - 200 - 4ms
2025-04-21T08:14:08: 2025-04-21T11:14:08.813Z - GET /preferencias/1I03/TAYNA%20MEDEIROS%20DOS%20SANTOS - 200 - 5ms
2025-04-21T08:14:09: 2025-04-21T11:14:09.222Z - POST /verificar-aluno - 200 - 7ms
2025-04-21T08:14:09: 2025-04-21T11:14:09.235Z - GET /preferencias/1I04/KAILANY%20LOPES%20AQUINO - 200 - 5ms
2025-04-21T08:14:09: 2025-04-21T11:14:09.281Z - POST /verificar-aluno - 200 - 5ms
2025-04-21T08:14:09: 2025-04-21T11:14:09.290Z - GET /preferencias/2I05/GABRIEL%20TOLENTINO%20DA%20CONCEICAO - 200 - 3ms
2025-04-21T08:14:09: 2025-04-21T11:14:09.706Z - POST /verificar-aluno - 200 - 6ms
2025-04-21T08:14:09: 2025-04-21T11:14:09.726Z - GET /preferencias/2I02/GUILHERME%20DEGHAICHE%20DE%20ALMEIDA - 200 - 6ms
2025-04-21T08:14:10: 2025-04-21T11:14:10.805Z - POST /preferencias - 200 - 5ms
2025-04-21T08:14:10: 2025-04-21T11:14:10.834Z - POST /preferencias - 200 - 10ms
2025-04-21T08:14:11: 2025-04-21T11:14:11.113Z - POST /preferencias - 200 - 10ms
2025-04-21T08:14:11: 2025-04-21T11:14:11.381Z - POST /preferencias - 200 - 10ms
2025-04-21T08:14:11: 2025-04-21T11:14:11.621Z - POST /preferencias - 200 - 4ms
2025-04-21T08:14:14: 2025-04-21T11:14:14.662Z - POST /verificar-aluno - 200 - 5ms
2025-04-21T08:14:14: 2025-04-21T11:14:14.702Z - GET /preferencias/1I04/EVELIN%20ALEXSANDRA%20MIRANDA%20GUIMARAES - 200 - 3ms
2025-04-21T08:14:15: 2025-04-21T11:14:15.255Z - POST /verificar-aluno - 200 - 4ms
2025-04-21T08:14:15: 2025-04-21T11:14:15.269Z - GET /preferencias/2I01/TIAGO%20PAMPOLIM%20DE%20JESUS - 200 - 3ms
2025-04-21T08:14:16: 2025-04-21T11:14:16.270Z - POST /verificar-aluno - 200 - 92ms
2025-04-21T08:14:16: 2025-04-21T11:14:16.294Z - POST /verificar-aluno - 200 - 149ms
2025-04-21T08:14:16: 2025-04-21T11:14:16.387Z - GET /preferencias/1I01/EMILY%20DE%20JESUS%20SANTOS - 200 - 33ms
2025-04-21T08:14:16: 2025-04-21T11:14:16.391Z - GET /preferencias/2I02/ALICE%20KAREN%20NASCIMENTO%20ARAUJO - 200 - 17ms
2025-04-21T08:14:16: 2025-04-21T11:14:16.427Z - POST /verificar-aluno - 200 - 13ms
2025-04-21T08:14:16: 2025-04-21T11:14:16.484Z - GET /preferencias/2I02/ISADORA%20DO%20NASCIMENTO%20FRANCISCO - 200 - 15ms
2025-04-21T08:14:16: 2025-04-21T11:14:16.967Z - POST /preferencias - 200 - 14ms
2025-04-21T08:14:17: 2025-04-21T11:14:17.566Z - POST /preferencias - 200 - 16ms
2025-04-21T08:14:18: 2025-04-21T11:14:18.882Z - POST /preferencias - 200 - 29ms
2025-04-21T08:14:18: 2025-04-21T11:14:18.886Z - POST /preferencias - 200 - 31ms
2025-04-21T08:14:18: 2025-04-21T11:14:18.895Z - POST /preferencias - 200 - 11ms
2025-04-22T12:38:10: ✅ Conectado ao MongoDB com sucesso!
2025-04-22T12:38:10: ✅ Conectado ao MongoDB com sucesso!
2025-04-22T12:38:10: ✅ Conectado ao MongoDB com sucesso!
2025-04-22T12:38:10: ✅ Conectado ao MongoDB com sucesso!
2025-04-22T12:38:10: ✅ Conectado ao MongoDB com sucesso!
2025-04-22T12:38:10: ✅ Conectado ao MongoDB com sucesso!
2025-04-22T12:38:10: ✅ Conectado ao MongoDB com sucesso!
2025-04-22T12:38:10: ✅ Conectado ao MongoDB com sucesso!
2025-04-22T12:38:10: ✅ Índices criados/atualizados com sucesso!
2025-04-22T12:38:10: ✅ Índices criados/atualizados com sucesso!
2025-04-22T12:38:10: ✅ Índices criados/atualizados com sucesso!
2025-04-22T12:38:10: ✅ Índices criados/atualizados com sucesso!
2025-04-22T12:38:10: ✅ Índices criados/atualizados com sucesso!
2025-04-22T12:38:10: ✅ Índices criados/atualizados com sucesso!
2025-04-22T12:38:10: 2025-04-22T15:38:10.378Z [info]: Conexão com MongoDB estabelecida
2025-04-22T12:38:10: 2025-04-22T15:38:10.382Z [info]: Conexão com MongoDB estabelecida
2025-04-22T12:38:10: Conexão com MongoDB estabelecida
2025-04-22T12:38:10: 2025-04-22T15:38:10.381Z [info]: Conexão com MongoDB estabelecida
2025-04-22T12:38:10: Conexão com MongoDB estabelecida
2025-04-22T12:38:10: Conexão com MongoDB estabelecida
2025-04-22T12:38:10: 2025-04-22T15:38:10.390Z [info]: Conexão com MongoDB estabelecida
2025-04-22T12:38:10: ✅ Índices criados/atualizados com sucesso!
2025-04-22T12:38:10: ✅ Índices criados/atualizados com sucesso!
2025-04-22T12:38:10: 2025-04-22T15:38:10.396Z [info]: Conexão com MongoDB estabelecida
2025-04-22T12:38:10: Conexão com MongoDB estabelecida
2025-04-22T12:38:10: 2025-04-22T15:38:10.394Z [info]: Conexão com MongoDB estabelecida
2025-04-22T12:38:10: 
====================================
🚀 Servidor iniciado com sucesso!
📡 Porta: 3000
🌐 URL: http://localhost:3000
👨‍💼 Admin: http://localhost:3000/admin
====================================
            
2025-04-22T12:38:10: 
====================================
🚀 Servidor iniciado com sucesso!
📡 Porta: 3000
🌐 URL: http://localhost:3000
👨‍💼 Admin: http://localhost:3000/admin
====================================
            
2025-04-22T12:38:10: Conexão com MongoDB estabelecida
2025-04-22T12:38:10: 
====================================
🚀 Servidor iniciado com sucesso!
📡 Porta: 3000
🌐 URL: http://localhost:3000
👨‍💼 Admin: http://localhost:3000/admin
====================================
            
2025-04-22T12:38:10: 
====================================
🚀 Servidor iniciado com sucesso!
📡 Porta: 3000
🌐 URL: http://localhost:3000
👨‍💼 Admin: http://localhost:3000/admin
====================================
            
2025-04-22T12:38:10: 
====================================
🚀 Servidor iniciado com sucesso!
📡 Porta: 3000
🌐 URL: http://localhost:3000
👨‍💼 Admin: http://localhost:3000/admin
====================================
            
2025-04-22T12:38:10: Conexão com MongoDB estabelecida
2025-04-22T12:38:10: 2025-04-22T15:38:10.410Z [info]: Conexão com MongoDB estabelecida
2025-04-22T12:38:10: 2025-04-22T15:38:10.412Z [info]: Conexão com MongoDB estabelecida
2025-04-22T12:38:10: 
====================================
🚀 Servidor iniciado com sucesso!
📡 Porta: 3000
🌐 URL: http://localhost:3000
👨‍💼 Admin: http://localhost:3000/admin
====================================
            
2025-04-22T12:38:10: Conexão com MongoDB estabelecida
2025-04-22T12:38:10: Conexão com MongoDB estabelecida
2025-04-22T12:38:10: 
====================================
🚀 Servidor iniciado com sucesso!
📡 Porta: 3000
🌐 URL: http://localhost:3000
👨‍💼 Admin: http://localhost:3000/admin
====================================
            
2025-04-22T12:38:10: 
====================================
🚀 Servidor iniciado com sucesso!
📡 Porta: 3000
🌐 URL: http://localhost:3000
👨‍💼 Admin: http://localhost:3000/admin
====================================
            
2025-04-22T12:46:44: 2025-04-22T15:46:44.520Z - GET /favicon.ico - 404 - 8ms
2025-04-22T12:58:26: 2025-04-22T15:58:26.660Z - POST /verificar-aluno - 200 - 145ms
2025-04-22T12:58:26: 2025-04-22T15:58:26.693Z - GET /preferencias/1I01/TESTE - 304 - 25ms
2025-04-22T12:59:15: 2025-04-22T15:59:15.351Z - POST /preferencias - 200 - 31ms
2025-04-22T12:59:32: 2025-04-22T15:59:32.121Z - POST /verificar-aluno - 200 - 4ms
2025-04-22T12:59:32: 2025-04-22T15:59:32.146Z - GET /preferencias/1I01/TESTE - 200 - 6ms
2025-04-22T14:12:40: 2025-04-22T17:12:40.928Z - GET /favicon.ico - 404 - 18ms
2025-04-22T14:16:30: 2025-04-22T17:16:30.970Z - GET /favicon.ico - 404 - 11ms
2025-04-22T14:23:00: 2025-04-22T17:23:00.080Z - POST /verificar-aluno - 200 - 145ms
2025-04-22T14:23:00: 2025-04-22T17:23:00.099Z - GET /preferencias/1I01/TESTE - 200 - 3ms
2025-04-22T14:23:03: 2025-04-22T17:23:03.852Z - POST /preferencias - 200 - 35ms
2025-04-22T14:41:20: 2025-04-22T17:41:20.912Z - POST /verificar-aluno - 200 - 77ms
2025-04-22T14:41:21: 2025-04-22T17:41:21.010Z - GET /preferencias/1I01/TESTE - 200 - 23ms
2025-04-22T15:32:27: 2025-04-22T18:32:27.741Z - GET /favicon.ico - 404 - 7ms
2025-04-22T17:20:09: 2025-04-22T20:20:09.025Z - POST /verificar-aluno - 200 - 125ms
2025-04-22T17:20:09: 2025-04-22T20:20:09.073Z - GET /preferencias/1I01/TESTE - 304 - 24ms
2025-04-22T17:20:29: 2025-04-22T20:20:29.481Z - POST /preferencias - 200 - 53ms
2025-04-22T17:21:17: 2025-04-22T20:21:17.429Z - GET /favicon.ico - 404 - 5ms
2025-04-22T17:23:28: 2025-04-22T20:23:28.202Z - POST /verificar-aluno - 200 - 7ms
2025-04-22T17:23:28: 2025-04-22T20:23:28.216Z - GET /preferencias/1I01/TESTE - 304 - 6ms
2025-04-22T17:23:33: 2025-04-22T20:23:33.014Z - POST /verificar-aluno - 200 - 5ms
2025-04-22T17:23:33: 2025-04-22T20:23:33.025Z - GET /preferencias/1I01/TESTE - 200 - 5ms
2025-04-23T07:12:31: ✅ Conectado ao MongoDB com sucesso!
2025-04-23T07:12:31: ✅ Conectado ao MongoDB com sucesso!
2025-04-23T07:12:31: ✅ Conectado ao MongoDB com sucesso!
2025-04-23T07:12:31: ✅ Conectado ao MongoDB com sucesso!
2025-04-23T07:12:31: ✅ Conectado ao MongoDB com sucesso!
2025-04-23T07:12:31: ✅ Conectado ao MongoDB com sucesso!
2025-04-23T07:12:31: ✅ Conectado ao MongoDB com sucesso!
2025-04-23T07:12:31: ✅ Conectado ao MongoDB com sucesso!
2025-04-23T07:12:31: ✅ Conectado ao MongoDB com sucesso!
2025-04-23T07:12:31: ✅ Índices criados/atualizados com sucesso!
2025-04-23T07:12:31: ✅ Índices criados/atualizados com sucesso!
2025-04-23T07:12:31: ✅ Índices criados/atualizados com sucesso!
2025-04-23T07:12:31: ✅ Índices criados/atualizados com sucesso!
2025-04-23T07:12:31: ✅ Índices criados/atualizados com sucesso!
2025-04-23T07:12:31: ✅ Índices criados/atualizados com sucesso!
2025-04-23T07:12:31: ✅ Conectado ao MongoDB com sucesso!
2025-04-23T07:12:31: 2025-04-23T10:12:31.721Z [info]: Conexão com MongoDB estabelecida
2025-04-23T07:12:31: 2025-04-23T10:12:31.727Z [info]: Conexão com MongoDB estabelecida
2025-04-23T07:12:31: Conexão com MongoDB estabelecida
2025-04-23T07:12:31: 2025-04-23T10:12:31.730Z [info]: Conexão com MongoDB estabelecida
2025-04-23T07:12:31: Conexão com MongoDB estabelecida
2025-04-23T07:12:31: 2025-04-23T10:12:31.731Z [info]: Conexão com MongoDB estabelecida
2025-04-23T07:12:31: ✅ Índices criados/atualizados com sucesso!
2025-04-23T07:12:31: ✅ Índices criados/atualizados com sucesso!
2025-04-23T07:12:31: Conexão com MongoDB estabelecida
2025-04-23T07:12:31: Conexão com MongoDB estabelecida
2025-04-23T07:12:31: 2025-04-23T10:12:31.739Z [info]: Conexão com MongoDB estabelecida
2025-04-23T07:12:31: ✅ Índices criados/atualizados com sucesso!
2025-04-23T07:12:31: Conexão com MongoDB estabelecida
2025-04-23T07:12:31: 2025-04-23T10:12:31.742Z [info]: Conexão com MongoDB estabelecida
2025-04-23T07:12:31: 
====================================
🚀 Servidor iniciado com sucesso!
📡 Porta: 3000
🌐 URL: http://localhost:3000
👨‍💼 Admin: http://localhost:3000/admin
====================================
            
2025-04-23T07:12:31: 
====================================
🚀 Servidor iniciado com sucesso!
📡 Porta: 3000
🌐 URL: http://localhost:3000
👨‍💼 Admin: http://localhost:3000/admin
====================================
            
2025-04-23T07:12:31: 
====================================
🚀 Servidor iniciado com sucesso!
📡 Porta: 3000
🌐 URL: http://localhost:3000
👨‍💼 Admin: http://localhost:3000/admin
====================================
            
2025-04-23T07:12:31: Conexão com MongoDB estabelecida
2025-04-23T07:12:31: 
====================================
🚀 Servidor iniciado com sucesso!
📡 Porta: 3000
🌐 URL: http://localhost:3000
👨‍💼 Admin: http://localhost:3000/admin
====================================
            
2025-04-23T07:12:31: 
====================================
🚀 Servidor iniciado com sucesso!
📡 Porta: 3000
🌐 URL: http://localhost:3000
👨‍💼 Admin: http://localhost:3000/admin
====================================
            
2025-04-23T07:12:31: 
====================================
🚀 Servidor iniciado com sucesso!
📡 Porta: 3000
🌐 URL: http://localhost:3000
👨‍💼 Admin: http://localhost:3000/admin
====================================
            
2025-04-23T07:12:31: 2025-04-23T10:12:31.762Z [info]: Conexão com MongoDB estabelecida
2025-04-23T07:12:31: 2025-04-23T10:12:31.762Z [info]: Conexão com MongoDB estabelecida
2025-04-23T07:12:31: 2025-04-23T10:12:31.766Z [info]: Conexão com MongoDB estabelecida
2025-04-23T07:12:31: Conexão com MongoDB estabelecida
2025-04-23T07:12:31: Conexão com MongoDB estabelecida
2025-04-23T07:12:31: Conexão com MongoDB estabelecida
2025-04-23T07:12:31: 
====================================
🚀 Servidor iniciado com sucesso!
📡 Porta: 3000
🌐 URL: http://localhost:3000
👨‍💼 Admin: http://localhost:3000/admin
====================================
            
2025-04-23T07:12:31: 
====================================
🚀 Servidor iniciado com sucesso!
📡 Porta: 3000
🌐 URL: http://localhost:3000
👨‍💼 Admin: http://localhost:3000/admin
====================================
            
2025-04-23T07:12:31: 
====================================
🚀 Servidor iniciado com sucesso!
📡 Porta: 3000
🌐 URL: http://localhost:3000
👨‍💼 Admin: http://localhost:3000/admin
====================================
            
2025-04-23T07:12:31: ✅ Índices criados/atualizados com sucesso!
2025-04-23T07:12:31: 2025-04-23T10:12:31.829Z [info]: Conexão com MongoDB estabelecida
2025-04-23T07:12:31: Conexão com MongoDB estabelecida
2025-04-23T07:12:31: 
====================================
🚀 Servidor iniciado com sucesso!
📡 Porta: 3000
🌐 URL: http://localhost:3000
👨‍💼 Admin: http://localhost:3000/admin
====================================
            
2025-04-23T07:12:46: 2025-04-23T10:12:46.707Z - POST /verificar-aluno - 200 - 35ms
2025-04-23T07:12:46: 2025-04-23T10:12:46.725Z - GET /preferencias/1I01/TESTE - 304 - 13ms
2025-04-23T07:14:43: 2025-04-23T10:14:43.050Z - GET /favicon.ico - 404 - 2ms
2025-04-23T07:14:55: 2025-04-23T10:14:55.287Z - POST /verificar-aluno - 200 - 3ms
2025-04-23T07:14:55: 2025-04-23T10:14:55.307Z - GET /preferencias/1I01/TESTE - 200 - 4ms
2025-04-23T07:23:25: 2025-04-23T10:23:25.691Z - POST /verificar-aluno - 200 - 26ms
2025-04-23T07:23:25: 2025-04-23T10:23:25.702Z - GET /preferencias/1I01/TESTE - 200 - 5ms
2025-04-23T07:28:43: 2025-04-23T10:28:43.616Z - POST /verificar-aluno - 200 - 4ms
2025-04-23T07:28:43: 2025-04-23T10:28:43.627Z - GET /preferencias/1I01/TESTE - 304 - 7ms
2025-04-23T07:30:00: 2025-04-23T10:30:00.343Z - POST /verificar-aluno - 200 - 20ms
2025-04-23T07:30:00: 2025-04-23T10:30:00.487Z - GET /preferencias/1I01/TESTE - 304 - 14ms
2025-04-23T07:30:43: 2025-04-23T10:30:43.314Z - POST /verificar-aluno - 200 - 5ms
2025-04-23T07:30:43: 2025-04-23T10:30:43.322Z - GET /preferencias/1I01/TESTE - 304 - 4ms
2025-04-23T07:33:22: ✅ Conectado ao MongoDB com sucesso!
2025-04-23T07:33:22: ✅ Conectado ao MongoDB com sucesso!
2025-04-23T07:33:22: ✅ Conectado ao MongoDB com sucesso!
2025-04-23T07:33:22: ✅ Conectado ao MongoDB com sucesso!
2025-04-23T07:33:22: ✅ Índices criados/atualizados com sucesso!
2025-04-23T07:33:22: ✅ Índices criados/atualizados com sucesso!
2025-04-23T07:33:22: ✅ Conectado ao MongoDB com sucesso!
2025-04-23T07:33:22: 2025-04-23T10:33:22.799Z [info]: Conexão com MongoDB estabelecida
2025-04-23T07:33:22: Conexão com MongoDB estabelecida
2025-04-23T07:33:22: ✅ Índices criados/atualizados com sucesso!
2025-04-23T07:33:22: 
====================================
🚀 Servidor iniciado com sucesso!
📡 Porta: 3000
🌐 URL: http://localhost:3000
👨‍💼 Admin: http://localhost:3000/admin
====================================
            
2025-04-23T07:33:22: 2025-04-23T10:33:22.823Z [info]: Conexão com MongoDB estabelecida
2025-04-23T07:33:22: Conexão com MongoDB estabelecida
2025-04-23T07:33:22: 
====================================
🚀 Servidor iniciado com sucesso!
📡 Porta: 3000
🌐 URL: http://localhost:3000
👨‍💼 Admin: http://localhost:3000/admin
====================================
            
2025-04-23T07:33:22: ✅ Índices criados/atualizados com sucesso!
2025-04-23T07:33:22: 2025-04-23T10:33:22.845Z [info]: Conexão com MongoDB estabelecida
2025-04-23T07:33:22: Conexão com MongoDB estabelecida
2025-04-23T07:33:22: 
====================================
🚀 Servidor iniciado com sucesso!
📡 Porta: 3000
🌐 URL: http://localhost:3000
👨‍💼 Admin: http://localhost:3000/admin
====================================
            
2025-04-23T07:33:22: ✅ Índices criados/atualizados com sucesso!
2025-04-23T07:33:22: 2025-04-23T10:33:22.874Z [info]: Conexão com MongoDB estabelecida
2025-04-23T07:33:22: Conexão com MongoDB estabelecida
2025-04-23T07:33:22: 
====================================
🚀 Servidor iniciado com sucesso!
📡 Porta: 3000
🌐 URL: http://localhost:3000
👨‍💼 Admin: http://localhost:3000/admin
====================================
            
2025-04-23T07:33:22: 2025-04-23T10:33:22.892Z [info]: Conexão com MongoDB estabelecida
2025-04-23T07:33:22: Conexão com MongoDB estabelecida
2025-04-23T07:33:22: 
====================================
🚀 Servidor iniciado com sucesso!
📡 Porta: 3000
🌐 URL: http://localhost:3000
👨‍💼 Admin: http://localhost:3000/admin
====================================
            
2025-04-23T07:33:22: ✅ Conectado ao MongoDB com sucesso!
2025-04-23T07:33:23: ✅ Índices criados/atualizados com sucesso!
2025-04-23T07:33:23: 2025-04-23T10:33:23.111Z [info]: Conexão com MongoDB estabelecida
2025-04-23T07:33:23: Conexão com MongoDB estabelecida
2025-04-23T07:33:23: 
====================================
🚀 Servidor iniciado com sucesso!
📡 Porta: 3000
🌐 URL: http://localhost:3000
👨‍💼 Admin: http://localhost:3000/admin
====================================
            
2025-04-23T07:33:23: ✅ Conectado ao MongoDB com sucesso!
2025-04-23T07:33:23: ✅ Índices criados/atualizados com sucesso!
2025-04-23T07:33:23: 2025-04-23T10:33:23.622Z [info]: Conexão com MongoDB estabelecida
2025-04-23T07:33:23: Conexão com MongoDB estabelecida
2025-04-23T07:33:23: 
====================================
🚀 Servidor iniciado com sucesso!
📡 Porta: 3000
🌐 URL: http://localhost:3000
👨‍💼 Admin: http://localhost:3000/admin
====================================
            
2025-04-23T07:33:23: ✅ Conectado ao MongoDB com sucesso!
2025-04-23T07:33:23: ✅ Índices criados/atualizados com sucesso!
2025-04-23T07:33:23: 2025-04-23T10:33:23.918Z [info]: Conexão com MongoDB estabelecida
2025-04-23T07:33:23: Conexão com MongoDB estabelecida
2025-04-23T07:33:23: 
====================================
🚀 Servidor iniciado com sucesso!
📡 Porta: 3000
🌐 URL: http://localhost:3000
👨‍💼 Admin: http://localhost:3000/admin
====================================
            
2025-04-23T07:33:36: 2025-04-23T10:33:36.807Z - POST /verificar-aluno - 200 - 23ms
2025-04-23T07:33:36: 2025-04-23T10:33:36.826Z - GET /preferencias/1I01/TESTE - 304 - 12ms
2025-04-23T07:34:00: 2025-04-23T10:34:00.037Z - POST /verificar-aluno - 200 - 5ms
2025-04-23T07:34:00: 2025-04-23T10:34:00.179Z - GET /preferencias/1I01/TESTE - 304 - 5ms
2025-04-23T07:34:34: 2025-04-23T10:34:34.174Z - POST /verificar-aluno - 200 - 8ms
2025-04-23T07:34:34: 2025-04-23T10:34:34.189Z - GET /preferencias/1I01/TESTE - 304 - 8ms
2025-04-23T07:35:29: 2025-04-23T10:35:29.819Z - POST /verificar-aluno - 200 - 5ms
2025-04-23T07:35:29: 2025-04-23T10:35:29.828Z - GET /preferencias/1I01/TESTE - 304 - 4ms
2025-04-23T07:36:44: ✅ Conectado ao MongoDB com sucesso!
2025-04-23T07:36:44: ✅ Conectado ao MongoDB com sucesso!
2025-04-23T07:36:44: ✅ Índices criados/atualizados com sucesso!
2025-04-23T07:36:44: ✅ Conectado ao MongoDB com sucesso!
2025-04-23T07:36:44: ✅ Conectado ao MongoDB com sucesso!
2025-04-23T07:36:44: ✅ Conectado ao MongoDB com sucesso!
2025-04-23T07:36:44: 2025-04-23T10:36:44.505Z [info]: Conexão com MongoDB estabelecida
2025-04-23T07:36:44: ✅ Índices criados/atualizados com sucesso!
2025-04-23T07:36:44: Conexão com MongoDB estabelecida
2025-04-23T07:36:44: 
====================================
🚀 Servidor iniciado com sucesso!
📡 Porta: 3000
🌐 URL: http://localhost:3000
👨‍💼 Admin: http://localhost:3000/admin
====================================
            
2025-04-23T07:36:44: 2025-04-23T10:36:44.575Z [info]: Conexão com MongoDB estabelecida
2025-04-23T07:36:44: Conexão com MongoDB estabelecida
2025-04-23T07:36:44: 
====================================
🚀 Servidor iniciado com sucesso!
📡 Porta: 3000
🌐 URL: http://localhost:3000
👨‍💼 Admin: http://localhost:3000/admin
====================================
            
2025-04-23T07:36:44: ✅ Índices criados/atualizados com sucesso!
2025-04-23T07:36:44: ✅ Índices criados/atualizados com sucesso!
2025-04-23T07:36:44: ✅ Conectado ao MongoDB com sucesso!
2025-04-23T07:36:44: ✅ Índices criados/atualizados com sucesso!
2025-04-23T07:36:44: 2025-04-23T10:36:44.705Z [info]: Conexão com MongoDB estabelecida
2025-04-23T07:36:44: Conexão com MongoDB estabelecida
2025-04-23T07:36:44: 2025-04-23T10:36:44.708Z [info]: Conexão com MongoDB estabelecida
2025-04-23T07:36:44: 
====================================
🚀 Servidor iniciado com sucesso!
📡 Porta: 3000
🌐 URL: http://localhost:3000
👨‍💼 Admin: http://localhost:3000/admin
====================================
            
2025-04-23T07:36:44: Conexão com MongoDB estabelecida
2025-04-23T07:36:44: 
====================================
🚀 Servidor iniciado com sucesso!
📡 Porta: 3000
🌐 URL: http://localhost:3000
👨‍💼 Admin: http://localhost:3000/admin
====================================
            
2025-04-23T07:36:44: 2025-04-23T10:36:44.735Z [info]: Conexão com MongoDB estabelecida
2025-04-23T07:36:44: Conexão com MongoDB estabelecida
2025-04-23T07:36:44: 
====================================
🚀 Servidor iniciado com sucesso!
📡 Porta: 3000
🌐 URL: http://localhost:3000
👨‍💼 Admin: http://localhost:3000/admin
====================================
            
2025-04-23T07:36:44: ✅ Índices criados/atualizados com sucesso!
2025-04-23T07:36:44: 2025-04-23T10:36:44.835Z [info]: Conexão com MongoDB estabelecida
2025-04-23T07:36:44: Conexão com MongoDB estabelecida
2025-04-23T07:36:44: 
====================================
🚀 Servidor iniciado com sucesso!
📡 Porta: 3000
🌐 URL: http://localhost:3000
👨‍💼 Admin: http://localhost:3000/admin
====================================
            
2025-04-23T07:36:44: ✅ Conectado ao MongoDB com sucesso!
2025-04-23T07:36:44: ✅ Índices criados/atualizados com sucesso!
2025-04-23T07:36:45: 2025-04-23T10:36:45.009Z [info]: Conexão com MongoDB estabelecida
2025-04-23T07:36:45: Conexão com MongoDB estabelecida
2025-04-23T07:36:45: 
====================================
🚀 Servidor iniciado com sucesso!
📡 Porta: 3000
🌐 URL: http://localhost:3000
👨‍💼 Admin: http://localhost:3000/admin
====================================
            
2025-04-23T07:36:45: ✅ Conectado ao MongoDB com sucesso!
2025-04-23T07:36:45: ✅ Índices criados/atualizados com sucesso!
2025-04-23T07:36:45: 2025-04-23T10:36:45.225Z [info]: Conexão com MongoDB estabelecida
2025-04-23T07:36:45: Conexão com MongoDB estabelecida
2025-04-23T07:36:45: 
====================================
🚀 Servidor iniciado com sucesso!
📡 Porta: 3000
🌐 URL: http://localhost:3000
👨‍💼 Admin: http://localhost:3000/admin
====================================
            
2025-04-23T07:36:54: 2025-04-23T10:36:54.872Z - POST /verificar-aluno - 200 - 21ms
2025-04-23T07:36:54: 2025-04-23T10:36:54.882Z - GET /preferencias/1I01/TESTE - 304 - 6ms
2025-04-23T07:37:28: 2025-04-23T10:37:28.907Z - POST /verificar-aluno - 200 - 3ms
2025-04-23T07:37:28: 2025-04-23T10:37:28.927Z - GET /preferencias/1I01/TESTE - 304 - 3ms
2025-04-23T07:37:58: 2025-04-23T10:37:58.199Z - POST /verificar-aluno - 200 - 6ms
2025-04-23T07:37:58: 2025-04-23T10:37:58.210Z - GET /preferencias/1I01/TESTE - 304 - 5ms
2025-04-23T07:38:16: 2025-04-23T10:38:16.903Z - POST /verificar-aluno - 200 - 4ms
2025-04-23T07:38:16: 2025-04-23T10:38:16.930Z - GET /preferencias/1I01/TESTE - 304 - 3ms
2025-04-23T07:39:57: 2025-04-23T10:39:57.196Z - POST /verificar-aluno - 200 - 3ms
2025-04-23T07:39:57: 2025-04-23T10:39:57.215Z - GET /preferencias/1I01/TESTE - 304 - 2ms
2025-04-23T07:44:35: 2025-04-23T10:44:35.366Z - POST /verificar-aluno - 200 - 5ms
2025-04-23T07:44:35: 2025-04-23T10:44:35.376Z - GET /preferencias/1I01/TESTE - 304 - 5ms
2025-04-23T07:45:18: ✅ Conectado ao MongoDB com sucesso!
2025-04-23T07:45:18: ✅ Conectado ao MongoDB com sucesso!
2025-04-23T07:45:18: ✅ Índices criados/atualizados com sucesso!
2025-04-23T07:45:18: ✅ Conectado ao MongoDB com sucesso!
2025-04-23T07:45:18: 2025-04-23T10:45:18.845Z [info]: Conexão com MongoDB estabelecida
2025-04-23T07:45:18: ✅ Conectado ao MongoDB com sucesso!
2025-04-23T07:45:18: ✅ Índices criados/atualizados com sucesso!
2025-04-23T07:45:18: Conexão com MongoDB estabelecida
2025-04-23T07:45:18: ✅ Conectado ao MongoDB com sucesso!
2025-04-23T07:45:18: 
====================================
🚀 Servidor iniciado com sucesso!
📡 Porta: 3000
🌐 URL: http://localhost:3000
👨‍💼 Admin: http://localhost:3000/admin
====================================
            
2025-04-23T07:45:18: ✅ Conectado ao MongoDB com sucesso!
2025-04-23T07:45:18: ✅ Conectado ao MongoDB com sucesso!
2025-04-23T07:45:18: 2025-04-23T10:45:18.920Z [info]: Conexão com MongoDB estabelecida
2025-04-23T07:45:18: ✅ Conectado ao MongoDB com sucesso!
2025-04-23T07:45:18: Conexão com MongoDB estabelecida
2025-04-23T07:45:18: 
====================================
🚀 Servidor iniciado com sucesso!
📡 Porta: 3000
🌐 URL: http://localhost:3000
👨‍💼 Admin: http://localhost:3000/admin
====================================
            
2025-04-23T07:45:18: ✅ Índices criados/atualizados com sucesso!
2025-04-23T07:45:19: 2025-04-23T10:45:19.019Z [info]: Conexão com MongoDB estabelecida
2025-04-23T07:45:19: ✅ Índices criados/atualizados com sucesso!
2025-04-23T07:45:19: ✅ Índices criados/atualizados com sucesso!
2025-04-23T07:45:19: ✅ Índices criados/atualizados com sucesso!
2025-04-23T07:45:19: ✅ Índices criados/atualizados com sucesso!
2025-04-23T07:45:19: Conexão com MongoDB estabelecida
2025-04-23T07:45:19: ✅ Índices criados/atualizados com sucesso!
2025-04-23T07:45:19: 
====================================
🚀 Servidor iniciado com sucesso!
📡 Porta: 3000
🌐 URL: http://localhost:3000
👨‍💼 Admin: http://localhost:3000/admin
====================================
            
2025-04-23T07:45:19: 2025-04-23T10:45:19.065Z [info]: Conexão com MongoDB estabelecida
2025-04-23T07:45:19: 2025-04-23T10:45:19.064Z [info]: Conexão com MongoDB estabelecida
2025-04-23T07:45:19: Conexão com MongoDB estabelecida
2025-04-23T07:45:19: Conexão com MongoDB estabelecida
2025-04-23T07:45:19: 2025-04-23T10:45:19.071Z [info]: Conexão com MongoDB estabelecida
2025-04-23T07:45:19: 2025-04-23T10:45:19.070Z [info]: Conexão com MongoDB estabelecida
2025-04-23T07:45:19: 
====================================
🚀 Servidor iniciado com sucesso!
📡 Porta: 3000
🌐 URL: http://localhost:3000
👨‍💼 Admin: http://localhost:3000/admin
====================================
            
2025-04-23T07:45:19: Conexão com MongoDB estabelecida
2025-04-23T07:45:19: 
====================================
🚀 Servidor iniciado com sucesso!
📡 Porta: 3000
🌐 URL: http://localhost:3000
👨‍💼 Admin: http://localhost:3000/admin
====================================
            
2025-04-23T07:45:19: Conexão com MongoDB estabelecida
2025-04-23T07:45:19: 2025-04-23T10:45:19.085Z [info]: Conexão com MongoDB estabelecida
2025-04-23T07:45:19: 
====================================
🚀 Servidor iniciado com sucesso!
📡 Porta: 3000
🌐 URL: http://localhost:3000
👨‍💼 Admin: http://localhost:3000/admin
====================================
            
2025-04-23T07:45:19: 
====================================
🚀 Servidor iniciado com sucesso!
📡 Porta: 3000
🌐 URL: http://localhost:3000
👨‍💼 Admin: http://localhost:3000/admin
====================================
            
2025-04-23T07:45:19: Conexão com MongoDB estabelecida
2025-04-23T07:45:19: 
====================================
🚀 Servidor iniciado com sucesso!
📡 Porta: 3000
🌐 URL: http://localhost:3000
👨‍💼 Admin: http://localhost:3000/admin
====================================
            
2025-04-23T07:46:47: 2025-04-23T10:46:47.297Z - POST /verificar-aluno - 200 - 28ms
2025-04-23T07:46:47: 2025-04-23T10:46:47.310Z - GET /preferencias/1I01/TESTE - 304 - 7ms
2025-04-23T07:47:02: 2025-04-23T10:47:02.282Z - POST /verificar-aluno - 200 - 5ms
2025-04-23T07:47:02: 2025-04-23T10:47:02.462Z - GET /preferencias/1I01/TESTE - 304 - 4ms
2025-04-23T07:49:56: 2025-04-23T10:49:56.027Z - POST /verificar-aluno - 200 - 5ms
2025-04-23T07:49:56: 2025-04-23T10:49:56.036Z - GET /preferencias/1I01/TESTE - 304 - 4ms
2025-04-23T07:50:18: 2025-04-23T10:50:18.335Z - POST /verificar-aluno - 200 - 5ms
2025-04-23T07:50:18: 2025-04-23T10:50:18.355Z - GET /preferencias/1I01/TESTE - 304 - 4ms
