2025-04-17T10:28:20.132Z [error]: Erro ao obter estatísticas: Cannot read properties of null (reading 'countDocuments')
2025-04-17T10:28:25.334Z [error]: Erro ao obter estatísticas: Cannot read properties of null (reading 'countDocuments')
2025-04-17T10:28:32.886Z [error]: Erro ao obter estatísticas: Cannot read properties of null (reading 'countDocuments')
2025-04-17T10:28:35.584Z [error]: Erro ao obter estatísticas: Cannot read properties of null (reading 'countDocuments')
2025-04-17T10:33:18.597Z [error]: Erro ao obter estatísticas: Cannot read properties of null (reading 'countDocuments')
2025-04-17T10:34:18.591Z [error]: Erro ao obter estatísticas: Cannot read properties of null (reading 'countDocuments')
2025-04-17T10:34:31.935Z [error]: Erro ao obter estatísticas: Cannot read properties of null (reading 'countDocuments')
2025-04-17T10:34:42.576Z [error]: Erro ao obter estatísticas: Cannot read properties of null (reading 'countDocuments')
2025-04-17T10:34:47.581Z [error]: Erro ao obter estatísticas: Cannot read properties of null (reading 'countDocuments')
2025-04-17T10:34:52.055Z [error]: Erro ao obter estatísticas: Cannot read properties of null (reading 'countDocuments')
2025-04-17T10:34:57.579Z [error]: Erro ao obter estatísticas: Cannot read properties of null (reading 'countDocuments')
2025-04-17T10:39:36.044Z [error]: Erro ao obter estatísticas: Cannot read properties of null (reading 'countDocuments')
2025-04-17T10:39:37.052Z [error]: Erro ao obter estatísticas: Cannot read properties of null (reading 'countDocuments')
2025-04-17T10:39:42.587Z [error]: Erro ao obter estatísticas: Cannot read properties of null (reading 'countDocuments')
2025-04-26T13:53:15.533Z [error]: Erro ao processar atribuições: this.db.startSession is not a function
2025-04-26T13:56:51.878Z [error]: Erro ao inicializar TutorAssignmentService: getConnectionString is not a function
2025-04-26T13:56:51.880Z [error]: Erro ao processar atribuições: getConnectionString is not a function
2025-04-26T13:58:57.398Z [error]: Erro no processamento das atribuições: Transaction numbers are only allowed on a replica set member or mongos
2025-04-26T13:58:57.400Z [error]: Erro ao processar atribuições: Transaction numbers are only allowed on a replica set member or mongos
2025-04-26T14:29:20.463Z [error]: Erro no processamento das atribuições: Transaction numbers are only allowed on a replica set member or mongos
2025-04-26T14:29:20.466Z [error]: Erro ao processar atribuições: Transaction numbers are only allowed on a replica set member or mongos
2025-04-26T14:50:22.524Z [error]: Erro ao atribuir aluno 680af873c0173ddcb2839b1b ao tutor 680aeb79342e9b37e3955b0e: E11000 duplicate key error collection: escolha_tutoria.assignments index: studentId_1 dup key: { studentId: ObjectId('680af873c0173ddcb2839b1b') }
2025-04-26T14:50:22.549Z [error]: Erro ao atribuir aluno 680af873c0173ddcb2839b1b ao tutor 680aeb79342e9b37e3955b1b: E11000 duplicate key error collection: escolha_tutoria.assignments index: studentId_1 dup key: { studentId: ObjectId('680af873c0173ddcb2839b1b') }
2025-04-26T14:50:22.571Z [error]: Erro ao atribuir aluno 680af873c0173ddcb2839b1b ao tutor 680aeb79342e9b37e3955b1f: E11000 duplicate key error collection: escolha_tutoria.assignments index: studentId_1 dup key: { studentId: ObjectId('680af873c0173ddcb2839b1b') }
2025-04-26T14:50:22.586Z [error]: Erro ao atribuir aluno 680af873c0173ddcb2839b1b ao tutor 680aeb79342e9b37e3955b0f: E11000 duplicate key error collection: escolha_tutoria.assignments index: studentId_1 dup key: { studentId: ObjectId('680af873c0173ddcb2839b1b') }
2025-04-26T14:50:22.600Z [error]: Erro ao atribuir aluno 680af873c0173ddcb2839b1b ao tutor 680aeb79342e9b37e3955b1a: E11000 duplicate key error collection: escolha_tutoria.assignments index: studentId_1 dup key: { studentId: ObjectId('680af873c0173ddcb2839b1b') }
2025-04-26T14:50:22.622Z [error]: Erro ao atribuir aluno 680c21573f9a343bb3095ac0 ao tutor 680aeb79342e9b37e3955b0e: E11000 duplicate key error collection: escolha_tutoria.assignments index: studentId_1 dup key: { studentId: ObjectId('680c21573f9a343bb3095ac0') }
2025-04-26T14:50:22.637Z [error]: Erro ao atribuir aluno 680c21573f9a343bb3095ac0 ao tutor 680aeb79342e9b37e3955b1f: E11000 duplicate key error collection: escolha_tutoria.assignments index: studentId_1 dup key: { studentId: ObjectId('680c21573f9a343bb3095ac0') }
2025-04-26T14:50:22.652Z [error]: Erro ao atribuir aluno 680c21573f9a343bb3095ac0 ao tutor 680aeb79342e9b37e3955b20: E11000 duplicate key error collection: escolha_tutoria.assignments index: studentId_1 dup key: { studentId: ObjectId('680c21573f9a343bb3095ac0') }
2025-04-26T14:50:22.669Z [error]: Erro ao atribuir aluno 680c21573f9a343bb3095ac0 ao tutor 680aeb79342e9b37e3955b11: E11000 duplicate key error collection: escolha_tutoria.assignments index: studentId_1 dup key: { studentId: ObjectId('680c21573f9a343bb3095ac0') }
2025-04-26T14:50:22.685Z [error]: Erro ao atribuir aluno 680c21573f9a343bb3095ac0 ao tutor 680aeb79342e9b37e3955b28: E11000 duplicate key error collection: escolha_tutoria.assignments index: studentId_1 dup key: { studentId: ObjectId('680c21573f9a343bb3095ac0') }
2025-04-26T14:50:22.707Z [error]: Erro ao atribuir aluno 680c22413f9a343bb3095ac1 ao tutor 680aeb79342e9b37e3955b0e: E11000 duplicate key error collection: escolha_tutoria.assignments index: studentId_1 dup key: { studentId: ObjectId('680c22413f9a343bb3095ac1') }
2025-04-26T14:50:22.723Z [error]: Erro ao atribuir aluno 680c22413f9a343bb3095ac1 ao tutor 680aeb79342e9b37e3955b1f: E11000 duplicate key error collection: escolha_tutoria.assignments index: studentId_1 dup key: { studentId: ObjectId('680c22413f9a343bb3095ac1') }
2025-04-26T14:50:22.736Z [error]: Erro ao atribuir aluno 680c22413f9a343bb3095ac1 ao tutor 680aeb79342e9b37e3955b20: E11000 duplicate key error collection: escolha_tutoria.assignments index: studentId_1 dup key: { studentId: ObjectId('680c22413f9a343bb3095ac1') }
2025-04-26T14:50:22.756Z [error]: Erro ao atribuir aluno 680c22413f9a343bb3095ac1 ao tutor 680aeb79342e9b37e3955b10: E11000 duplicate key error collection: escolha_tutoria.assignments index: studentId_1 dup key: { studentId: ObjectId('680c22413f9a343bb3095ac1') }
2025-04-26T14:50:22.770Z [error]: Erro ao atribuir aluno 680c22413f9a343bb3095ac1 ao tutor 680aeb79342e9b37e3955b27: E11000 duplicate key error collection: escolha_tutoria.assignments index: studentId_1 dup key: { studentId: ObjectId('680c22413f9a343bb3095ac1') }
2025-04-26T14:50:22.785Z [error]: Erro ao atribuir aluno 680c3ac926865943d21aa2b9 ao tutor 680aeb79342e9b37e3955b1b: E11000 duplicate key error collection: escolha_tutoria.assignments index: studentId_1 dup key: { studentId: ObjectId('680c3ac926865943d21aa2b9') }
2025-04-26T14:50:22.795Z [error]: Erro ao atribuir aluno 680c3ac926865943d21aa2b9 ao tutor 680aeb79342e9b37e3955b1c: E11000 duplicate key error collection: escolha_tutoria.assignments index: studentId_1 dup key: { studentId: ObjectId('680c3ac926865943d21aa2b9') }
2025-04-26T14:50:22.808Z [error]: Erro ao atribuir aluno 680c3ac926865943d21aa2b9 ao tutor 680aeb79342e9b37e3955b14: E11000 duplicate key error collection: escolha_tutoria.assignments index: studentId_1 dup key: { studentId: ObjectId('680c3ac926865943d21aa2b9') }
2025-04-26T14:50:22.820Z [error]: Erro ao atribuir aluno 680c3ac926865943d21aa2b9 ao tutor 680aeb79342e9b37e3955b28: E11000 duplicate key error collection: escolha_tutoria.assignments index: studentId_1 dup key: { studentId: ObjectId('680c3ac926865943d21aa2b9') }
2025-04-26T14:50:22.833Z [error]: Erro ao atribuir aluno 680c3ac926865943d21aa2b9 ao tutor 680aeb79342e9b37e3955b16: E11000 duplicate key error collection: escolha_tutoria.assignments index: studentId_1 dup key: { studentId: ObjectId('680c3ac926865943d21aa2b9') }
2025-04-26T14:50:22.846Z [error]: Erro ao atribuir aluno 680c458c587a0a21f9b23201 ao tutor 680aeb79342e9b37e3955b1f: E11000 duplicate key error collection: escolha_tutoria.assignments index: studentId_1 dup key: { studentId: ObjectId('680c458c587a0a21f9b23201') }
2025-04-26T14:50:22.858Z [error]: Erro ao atribuir aluno 680c458c587a0a21f9b23201 ao tutor 680aeb79342e9b37e3955b14: E11000 duplicate key error collection: escolha_tutoria.assignments index: studentId_1 dup key: { studentId: ObjectId('680c458c587a0a21f9b23201') }
2025-04-26T14:50:22.871Z [error]: Erro ao atribuir aluno 680c458c587a0a21f9b23201 ao tutor 680aeb79342e9b37e3955b26: E11000 duplicate key error collection: escolha_tutoria.assignments index: studentId_1 dup key: { studentId: ObjectId('680c458c587a0a21f9b23201') }
2025-04-26T14:50:22.883Z [error]: Erro ao atribuir aluno 680c458c587a0a21f9b23201 ao tutor 680aeb79342e9b37e3955b1d: E11000 duplicate key error collection: escolha_tutoria.assignments index: studentId_1 dup key: { studentId: ObjectId('680c458c587a0a21f9b23201') }
2025-04-26T14:50:22.892Z [error]: Erro ao atribuir aluno 680c458c587a0a21f9b23201 ao tutor 680aeb79342e9b37e3955b12: E11000 duplicate key error collection: escolha_tutoria.assignments index: studentId_1 dup key: { studentId: ObjectId('680c458c587a0a21f9b23201') }
2025-04-26T14:50:22.925Z [error]: Erro ao atribuir aluno 680af873c0173ddcb2839b1b ao tutor 680aeb79342e9b37e3955b16: E11000 duplicate key error collection: escolha_tutoria.assignments index: studentId_1 dup key: { studentId: ObjectId('680af873c0173ddcb2839b1b') }
2025-04-26T14:50:22.950Z [error]: Erro ao atribuir aluno 680c21573f9a343bb3095ac0 ao tutor 680aeb79342e9b37e3955b15: E11000 duplicate key error collection: escolha_tutoria.assignments index: studentId_1 dup key: { studentId: ObjectId('680c21573f9a343bb3095ac0') }
2025-04-26T14:50:22.975Z [error]: Erro ao atribuir aluno 680c22413f9a343bb3095ac1 ao tutor 680aeb79342e9b37e3955b23: E11000 duplicate key error collection: escolha_tutoria.assignments index: studentId_1 dup key: { studentId: ObjectId('680c22413f9a343bb3095ac1') }
2025-04-26T14:50:23.006Z [error]: Erro ao atribuir aluno 680c3ac926865943d21aa2b9 ao tutor 680aeb79342e9b37e3955b23: E11000 duplicate key error collection: escolha_tutoria.assignments index: studentId_1 dup key: { studentId: ObjectId('680c3ac926865943d21aa2b9') }
2025-04-26T14:50:23.054Z [error]: Erro ao atribuir aluno 680c458c587a0a21f9b23201 ao tutor 680aeb79342e9b37e3955b0f: E11000 duplicate key error collection: escolha_tutoria.assignments index: studentId_1 dup key: { studentId: ObjectId('680c458c587a0a21f9b23201') }
2025-04-26T15:07:29.228Z [error]: Erro ao atribuir aluno 680ae75f28c36a513af9e7cf ao tutor 680aeb79342e9b37e3955b0e: E11000 duplicate key error collection: escolha_tutoria.assignments index: studentId_1 dup key: { studentId: ObjectId('680ae75f28c36a513af9e7cf') }
2025-04-26T15:07:29.262Z [error]: Erro ao atribuir aluno 680ae75f28c36a513af9e7cf ao tutor 680aeb79342e9b37e3955b1f: E11000 duplicate key error collection: escolha_tutoria.assignments index: studentId_1 dup key: { studentId: ObjectId('680ae75f28c36a513af9e7cf') }
2025-04-26T15:07:29.288Z [error]: Erro ao atribuir aluno 680ae75f28c36a513af9e7cf ao tutor 680aeb79342e9b37e3955b20: E11000 duplicate key error collection: escolha_tutoria.assignments index: studentId_1 dup key: { studentId: ObjectId('680ae75f28c36a513af9e7cf') }
2025-04-26T15:07:29.318Z [error]: Erro ao atribuir aluno 680ae75f28c36a513af9e7cf ao tutor 680aeb79342e9b37e3955b10: E11000 duplicate key error collection: escolha_tutoria.assignments index: studentId_1 dup key: { studentId: ObjectId('680ae75f28c36a513af9e7cf') }
2025-04-26T15:07:29.349Z [error]: Erro ao atribuir aluno 680ae75f28c36a513af9e7cf ao tutor 680aeb79342e9b37e3955b27: E11000 duplicate key error collection: escolha_tutoria.assignments index: studentId_1 dup key: { studentId: ObjectId('680ae75f28c36a513af9e7cf') }
